
  [32m[1mVITE[22m v6.4.2[39m  [2mready in [0m[1m703[22m[2m[0m ms[22m

  [32m➜[39m  [1mLocal[22m:   [36mhttp://localhost:[1m3000[22m/[39m
  [32m➜[39m  [1mNetwork[22m: [36mhttp://10.95.218.60:[1m3000[22m/[39m
[2m[32m  ➜[39m[22m[2m  press [22m[1mh + enter[22m[2m to show help[22m
[2m٤:٢٧:٢٠ م[22m [36m[1m[vite][22m[39m [90m[2m(client)[22m[39m [32mhmr update [39m[2m/@fs/D:\تطبيقات\Ahmed\src\components\InvoiceTab.tsx, /src/index.css[22m
[2m٤:٢٧:٢٠ م[22m [36m[1m[vite][22m[39m [90m[2m(client)[22m[39m [32mhmr update [39m[2m/@fs/D:\تطبيقات\Ahmed\src\components\InvoiceTab.tsx, /src/index.css[22m
[2m٤:٢٧:٥٧ م[22m [36m[1m[vite][22m[39m [90m[2m(client)[22m[39m [32mhmr update [39m[2m/@fs/D:\تطبيقات\Ahmed\src\components\InvoiceTab.tsx, /src/index.css[22m
[2m٤:٢٨:١٨ م[22m [36m[1m[vite][22m[39m [90m[2m(client)[22m[39m [32mhmr update [39m[2m/@fs/D:\تطبيقات\Ahmed\src\components\InvoiceTab.tsx, /src/index.css[22m
[2m٤:٢٨:١٨ م[22m [31m[1m[vite][22m[39m [31mInternal server error: D:\تطبيقات\Ahmed\src\components\InvoiceTab.tsx: Unexpected token, expected "," (2509:17)

[0m [90m 2507 |[31m                     )[33m;[31m
 [90m 2508 |[31m                   })
[31m[1m>[22m[31m[90m 2509 |[31m                 )}
 [90m      |[31m                  [31m[1m^[22m[31m
 [90m 2510 |[31m               [33m<[31m[33m/[31m[33mdiv[31m[33m>[31m
 [90m 2511 |[31m             [33m<[31m[33m/[31m[33mdiv[31m[33m>[31m
 [90m 2512 |[31m         )}[0m[39m
  Plugin: [35mvite:react-babel[39m
  File: [36mD:/تطبيقات/Ahmed/src/components/InvoiceTab.tsx[39m:2509:17
[33m  2507|                      );
  2508|                    })
  2509|                  )}
     |                   ^
  2510|                </div>
  2511|              </div>[39m
      at constructor (D:\تطبيقات\Ahmed\node_modules\@babel\parser\lib\index.js:365:19)
      at TypeScriptParserMixin.raise (D:\تطبيقات\Ahmed\node_modules\@babel\parser\lib\index.js:6616:19)
      at TypeScriptParserMixin.unexpected (D:\تطبيقات\Ahmed\node_modules\@babel\parser\lib\index.js:6636:16)
      at TypeScriptParserMixin.expect (D:\تطبيقات\Ahmed\node_modules\@babel\parser\lib\index.js:6916:12)
      at TypeScriptParserMixin.parseParenAndDistinguishExpression (D:\تطبيقات\Ahmed\node_modules\@babel\parser\lib\index.js:11678:14)
      at TypeScriptParserMixin.parseExprAtom (D:\تطبيقات\Ahmed\node_modules\@babel\parser\lib\index.js:11348:23)
      at TypeScriptParserMixin.parseExprAtom (D:\تطبيقات\Ahmed\node_modules\@babel\parser\lib\index.js:4776:20)
      at TypeScriptParserMixin.parseExprSubscripts (D:\تطبيقات\Ahmed\node_modules\@babel\parser\lib\index.js:11098:23)
      at TypeScriptParserMixin.parseUpdate (D:\تطبيقات\Ahmed\node_modules\@babel\parser\lib\index.js:11083:21)
      at TypeScriptParserMixin.parseMaybeUnary (D:\تطبيقات\Ahmed\node_modules\@babel\parser\lib\index.js:11063:23)
      at TypeScriptParserMixin.parseMaybeUnary (D:\تطبيقات\Ahmed\node_modules\@babel\parser\lib\index.js:9854:18)
      at TypeScriptParserMixin.parseMaybeUnaryOrPrivate (D:\تطبيقات\Ahmed\node_modules\@babel\parser\lib\index.js:10916:61)
      at TypeScriptParserMixin.parseExprOps (D:\تطبيقات\Ahmed\node_modules\@babel\parser\lib\index.js:10921:23)
      at TypeScriptParserMixin.parseMaybeConditional (D:\تطبيقات\Ahmed\node_modules\@babel\parser\lib\index.js:10898:23)
      at TypeScriptParserMixin.parseMaybeAssign (D:\تطبيقات\Ahmed\node_modules\@babel\parser\lib\index.js:10848:21)
      at TypeScriptParserMixin.parseMaybeAssign (D:\تطبيقات\Ahmed\node_modules\@babel\parser\lib\index.js:9803:20)
      at TypeScriptParserMixin.parseConditional (D:\تطبيقات\Ahmed\node_modules\@babel\parser\lib\index.js:10910:29)
      at TypeScriptParserMixin.parseConditional (D:\تطبيقات\Ahmed\node_modules\@babel\parser\lib\index.js:9620:18)
      at TypeScriptParserMixin.parseMaybeConditional (D:\تطبيقات\Ahmed\node_modules\@babel\parser\lib\index.js:10902:17)
      at TypeScriptParserMixin.parseMaybeAssign (D:\تطبيقات\Ahmed\node_modules\@babel\parser\lib\index.js:10848:21)
      at TypeScriptParserMixin.parseMaybeAssign (D:\تطبيقات\Ahmed\node_modules\@babel\parser\lib\index.js:9803:20)
      at TypeScriptParserMixin.parseExpressionBase (D:\تطبيقات\Ahmed\node_modules\@babel\parser\lib\index.js:10801:23)
      at D:\تطبيقات\Ahmed\node_modules\@babel\parser\lib\index.js:10797:39
      at TypeScriptParserMixin.allowInAnd (D:\تطبيقات\Ahmed\node_modules\@babel\parser\lib\index.js:12443:12)
      at TypeScriptParserMixin.parseExpression (D:\تطبيقات\Ahmed\node_modules\@babel\parser\lib\index.js:10797:17)
      at TypeScriptParserMixin.jsxParseExpressionContainer (D:\تطبيقات\Ahmed\node_modules\@babel\parser\lib\index.js:4644:31)
      at TypeScriptParserMixin.jsxParseElementAt (D:\تطبيقات\Ahmed\node_modules\@babel\parser\lib\index.js:4723:36)
      at TypeScriptParserMixin.jsxParseElementAt (D:\تطبيقات\Ahmed\node_modules\@babel\parser\lib\index.js:4710:32)
      at TypeScriptParserMixin.jsxParseElement (D:\تطبيقات\Ahmed\node_modules\@babel\parser\lib\index.js:4761:17)
      at TypeScriptParserMixin.parseExprAtom (D:\تطبيقات\Ahmed\node_modules\@babel\parser\lib\index.js:4771:19)
      at TypeScriptParserMixin.parseExprSubscripts (D:\تطبيقات\Ahmed\node_modules\@babel\parser\lib\index.js:11098:23)
      at TypeScriptParserMixin.parseUpdate (D:\تطبيقات\Ahmed\node_modules\@babel\parser\lib\index.js:11083:21)
      at TypeScriptParserMixin.parseMaybeUnary (D:\تطبيقات\Ahmed\node_modules\@babel\parser\lib\index.js:11063:23)
      at TypeScriptParserMixin.parseMaybeUnary (D:\تطبيقات\Ahmed\node_modules\@babel\parser\lib\index.js:9854:18)
      at TypeScriptParserMixin.parseMaybeUnaryOrPrivate (D:\تطبيقات\Ahmed\node_modules\@babel\parser\lib\index.js:10916:61)
      at TypeScriptParserMixin.parseExprOps (D:\تطبيقات\Ahmed\node_modules\@babel\parser\lib\index.js:10921:23)
      at TypeScriptParserMixin.parseMaybeConditional (D:\تطبيقات\Ahmed\node_modules\@babel\parser\lib\index.js:10898:23)
      at TypeScriptParserMixin.parseMaybeAssign (D:\تطبيقات\Ahmed\node_modules\@babel\parser\lib\index.js:10848:21)
      at D:\تطبيقات\Ahmed\node_modules\@babel\parser\lib\index.js:9792:39
      at TypeScriptParserMixin.tryParse (D:\تطبيقات\Ahmed\node_modules\@babel\parser\lib\index.js:6924:20)
      at TypeScriptParserMixin.parseMaybeAssign (D:\تطبيقات\Ahmed\node_modules\@babel\parser\lib\index.js:9792:18)
      at D:\تطبيقات\Ahmed\node_modules\@babel\parser\lib\index.js:10817:39
      at TypeScriptParserMixin.allowInAnd (D:\تطبيقات\Ahmed\node_modules\@babel\parser\lib\index.js:12443:12)
      at TypeScriptParserMixin.parseMaybeAssignAllowIn (D:\تطبيقات\Ahmed\node_modules\@babel\parser\lib\index.js:10817:17)
      at TypeScriptParserMixin.parseMaybeAssignAllowInOrVoidPattern (D:\تطبيقات\Ahmed\node_modules\@babel\parser\lib\index.js:12510:17)
      at TypeScriptParserMixin.parseParenAndDistinguishExpression (D:\تطبيقات\Ahmed\node_modules\@babel\parser\lib\index.js:11692:28)
      at TypeScriptParserMixin.parseExprAtom (D:\تطبيقات\Ahmed\node_modules\@babel\parser\lib\index.js:11348:23)
      at TypeScriptParserMixin.parseExprAtom (D:\تطبيقات\Ahmed\node_modules\@babel\parser\lib\index.js:4776:20)
      at TypeScriptParserMixin.parseExprSubscripts (D:\تطبيقات\Ahmed\node_modules\@babel\parser\lib\index.js:11098:23)
      at TypeScriptParserMixin.parseUpdate (D:\تطبيقات\Ahmed\node_modules\@babel\parser\lib\index.js:11083:21)
[2m٤:٣٠:١٣ م[22m [36m[1m[vite][22m[39m [90m[2m(client)[22m[39m [32mhmr update [39m[2m/@fs/D:\تطبيقات\Ahmed\src\components\InvoiceTab.tsx, /src/index.css[22m
[2m٤:٣٠:١٣ م[22m [31m[1m[vite][22m[39m [31mInternal server error: D:\تطبيقات\Ahmed\src\components\InvoiceTab.tsx: Adjacent JSX elements must be wrapped in an enclosing tag. Did you want a JSX fragment <>...</>? (2504:12)

[0m [90m 2502 |[31m                 )}
 [90m 2503 |[31m               [33m<[31m[33m/[31m[33mdiv[31m[33m>[31m
[31m[1m>[22m[31m[90m 2504 |[31m             [33m<[31m[33m/[31m[33mdiv[31m[33m>[31m
 [90m      |[31m             [31m[1m^[22m[31m
 [90m 2505 |[31m         )}
 [90m 2506 |[31m
 [90m 2507 |[31m       [33m<[31m[33m/[31m[33mdiv[31m[33m>[31m[0m[39m
  Plugin: [35mvite:react-babel[39m
  File: [36mD:/تطبيقات/Ahmed/src/components/InvoiceTab.tsx[39m:2504:12
[33m  2502|                  )}
  2503|                </div>
  2504|              </div>
     |              ^
  2505|          )}
  2506|  [39m
      at constructor (D:\تطبيقات\Ahmed\node_modules\@babel\parser\lib\index.js:365:19)
      at TypeScriptParserMixin.raise (D:\تطبيقات\Ahmed\node_modules\@babel\parser\lib\index.js:6616:19)
      at TypeScriptParserMixin.jsxParseElementAt (D:\تطبيقات\Ahmed\node_modules\@babel\parser\lib\index.js:4754:18)
      at TypeScriptParserMixin.jsxParseElement (D:\تطبيقات\Ahmed\node_modules\@babel\parser\lib\index.js:4761:17)
      at TypeScriptParserMixin.parseExprAtom (D:\تطبيقات\Ahmed\node_modules\@babel\parser\lib\index.js:4771:19)
      at TypeScriptParserMixin.parseExprSubscripts (D:\تطبيقات\Ahmed\node_modules\@babel\parser\lib\index.js:11098:23)
      at TypeScriptParserMixin.parseUpdate (D:\تطبيقات\Ahmed\node_modules\@babel\parser\lib\index.js:11083:21)
      at TypeScriptParserMixin.parseMaybeUnary (D:\تطبيقات\Ahmed\node_modules\@babel\parser\lib\index.js:11063:23)
      at TypeScriptParserMixin.parseMaybeUnary (D:\تطبيقات\Ahmed\node_modules\@babel\parser\lib\index.js:9854:18)
      at TypeScriptParserMixin.parseMaybeUnaryOrPrivate (D:\تطبيقات\Ahmed\node_modules\@babel\parser\lib\index.js:10916:61)
      at TypeScriptParserMixin.parseExprOps (D:\تطبيقات\Ahmed\node_modules\@babel\parser\lib\index.js:10921:23)
      at TypeScriptParserMixin.parseMaybeConditional (D:\تطبيقات\Ahmed\node_modules\@babel\parser\lib\index.js:10898:23)
      at TypeScriptParserMixin.parseMaybeAssign (D:\تطبيقات\Ahmed\node_modules\@babel\parser\lib\index.js:10848:21)
      at D:\تطبيقات\Ahmed\node_modules\@babel\parser\lib\index.js:9792:39
      at TypeScriptParserMixin.tryParse (D:\تطبيقات\Ahmed\node_modules\@babel\parser\lib\index.js:6924:20)
      at TypeScriptParserMixin.parseMaybeAssign (D:\تطبيقات\Ahmed\node_modules\@babel\parser\lib\index.js:9792:18)
      at D:\تطبيقات\Ahmed\node_modules\@babel\parser\lib\index.js:10817:39
      at TypeScriptParserMixin.allowInAnd (D:\تطبيقات\Ahmed\node_modules\@babel\parser\lib\index.js:12443:12)
      at TypeScriptParserMixin.parseMaybeAssignAllowIn (D:\تطبيقات\Ahmed\node_modules\@babel\parser\lib\index.js:10817:17)
      at TypeScriptParserMixin.parseMaybeAssignAllowInOrVoidPattern (D:\تطبيقات\Ahmed\node_modules\@babel\parser\lib\index.js:12510:17)
      at TypeScriptParserMixin.parseParenAndDistinguishExpression (D:\تطبيقات\Ahmed\node_modules\@babel\parser\lib\index.js:11692:28)
      at TypeScriptParserMixin.parseExprAtom (D:\تطبيقات\Ahmed\node_modules\@babel\parser\lib\index.js:11348:23)
      at TypeScriptParserMixin.parseExprAtom (D:\تطبيقات\Ahmed\node_modules\@babel\parser\lib\index.js:4776:20)
      at TypeScriptParserMixin.parseExprSubscripts (D:\تطبيقات\Ahmed\node_modules\@babel\parser\lib\index.js:11098:23)
      at TypeScriptParserMixin.parseUpdate (D:\تطبيقات\Ahmed\node_modules\@babel\parser\lib\index.js:11083:21)
      at TypeScriptParserMixin.parseMaybeUnary (D:\تطبيقات\Ahmed\node_modules\@babel\parser\lib\index.js:11063:23)
      at TypeScriptParserMixin.parseMaybeUnary (D:\تطبيقات\Ahmed\node_modules\@babel\parser\lib\index.js:9854:18)
      at TypeScriptParserMixin.parseMaybeUnaryOrPrivate (D:\تطبيقات\Ahmed\node_modules\@babel\parser\lib\index.js:10916:61)
      at TypeScriptParserMixin.parseExprOps (D:\تطبيقات\Ahmed\node_modules\@babel\parser\lib\index.js:10921:23)
      at TypeScriptParserMixin.parseMaybeConditional (D:\تطبيقات\Ahmed\node_modules\@babel\parser\lib\index.js:10898:23)
      at TypeScriptParserMixin.parseMaybeAssign (D:\تطبيقات\Ahmed\node_modules\@babel\parser\lib\index.js:10848:21)
      at TypeScriptParserMixin.parseMaybeAssign (D:\تطبيقات\Ahmed\node_modules\@babel\parser\lib\index.js:9803:20)
      at TypeScriptParserMixin.parseConditional (D:\تطبيقات\Ahmed\node_modules\@babel\parser\lib\index.js:10910:29)
      at TypeScriptParserMixin.parseConditional (D:\تطبيقات\Ahmed\node_modules\@babel\parser\lib\index.js:9620:18)
      at TypeScriptParserMixin.parseMaybeConditional (D:\تطبيقات\Ahmed\node_modules\@babel\parser\lib\index.js:10902:17)
      at TypeScriptParserMixin.parseMaybeAssign (D:\تطبيقات\Ahmed\node_modules\@babel\parser\lib\index.js:10848:21)
      at TypeScriptParserMixin.parseMaybeAssign (D:\تطبيقات\Ahmed\node_modules\@babel\parser\lib\index.js:9803:20)
      at TypeScriptParserMixin.parseExpressionBase (D:\تطبيقات\Ahmed\node_modules\@babel\parser\lib\index.js:10801:23)
      at D:\تطبيقات\Ahmed\node_modules\@babel\parser\lib\index.js:10797:39
      at TypeScriptParserMixin.allowInAnd (D:\تطبيقات\Ahmed\node_modules\@babel\parser\lib\index.js:12443:12)
      at TypeScriptParserMixin.parseExpression (D:\تطبيقات\Ahmed\node_modules\@babel\parser\lib\index.js:10797:17)
      at TypeScriptParserMixin.jsxParseExpressionContainer (D:\تطبيقات\Ahmed\node_modules\@babel\parser\lib\index.js:4644:31)
      at TypeScriptParserMixin.jsxParseElementAt (D:\تطبيقات\Ahmed\node_modules\@babel\parser\lib\index.js:4723:36)
      at TypeScriptParserMixin.jsxParseElement (D:\تطبيقات\Ahmed\node_modules\@babel\parser\lib\index.js:4761:17)
      at TypeScriptParserMixin.parseExprAtom (D:\تطبيقات\Ahmed\node_modules\@babel\parser\lib\index.js:4771:19)
      at TypeScriptParserMixin.parseExprSubscripts (D:\تطبيقات\Ahmed\node_modules\@babel\parser\lib\index.js:11098:23)
      at TypeScriptParserMixin.parseUpdate (D:\تطبيقات\Ahmed\node_modules\@babel\parser\lib\index.js:11083:21)
      at TypeScriptParserMixin.parseMaybeUnary (D:\تطبيقات\Ahmed\node_modules\@babel\parser\lib\index.js:11063:23)
      at TypeScriptParserMixin.parseMaybeUnary (D:\تطبيقات\Ahmed\node_modules\@babel\parser\lib\index.js:9854:18)
      at TypeScriptParserMixin.parseMaybeUnaryOrPrivate (D:\تطبيقات\Ahmed\node_modules\@babel\parser\lib\index.js:10916:61)
[2m٤:٣١:٢٣ م[22m [36m[1m[vite][22m[39m [90m[2m(client)[22m[39m [32mhmr update [39m[2m/@fs/D:\تطبيقات\Ahmed\src\components\InvoiceTab.tsx, /src/index.css[22m
[2m٤:٣١:٢٤ م[22m [31m[1m[vite][22m[39m [31mInternal server error: D:\تطبيقات\Ahmed\src\components\InvoiceTab.tsx: Unexpected token, expected "," (2509:6)

[0m [90m 2507 |[31m       [33m<[31m[33m/[31m[33mdiv[31m[33m>[31m
 [90m 2508 |[31m
[31m[1m>[22m[31m[90m 2509 |[31m       {selectedInvoice [33m&&[31m (
 [90m      |[31m       [31m[1m^[22m[31m
 [90m 2510 |[31m         [33m<[31m[33mdiv[31m className[33m=[31m[32m"fixed inset-0 z-50 flex items-center justify-center p-4 bg-slate-900/60 backdrop-blur-sm animate-in fade-in"[31m[33m>[31m
 [90m 2511 |[31m           [33m<[31m[33mdiv[31m className[33m=[31m[32m"bg-[#FFFFFF] rounded-3xl w-full max-w-sm overflow-hidden shadow-2xl flex flex-col max-h-[85vh] animate-in zoom-in-95 duration-200"[31m[33m>[31m
 [90m 2512 |[31m             [33m<[31m[33mdiv[31m className[33m=[31m[32m"p-4 border-b border-slate-100 flex justify-between items-center bg-[#F7FAFC]/50"[31m[33m>[31m[0m[39m
  Plugin: [35mvite:react-babel[39m
  File: [36mD:/تطبيقات/Ahmed/src/components/InvoiceTab.tsx[39m:2509:6
[33m  2507|        </div>
  2508|  
  2509|        {selectedInvoice && (
     |        ^
  2510|          <div className="fixed inset-0 z-50 flex items-center justify-center p-4 bg-slate-900/60 backdrop-blur-sm animate-in fade-in">
  2511|            <div className="bg-[#FFFFFF] rounded-3xl w-full max-w-sm overflow-hidden shadow-2xl flex flex-col max-h-[85vh] animate-in zoom-in-95 duration-200">[39m
      at constructor (D:\تطبيقات\Ahmed\node_modules\@babel\parser\lib\index.js:365:19)
      at TypeScriptParserMixin.raise (D:\تطبيقات\Ahmed\node_modules\@babel\parser\lib\index.js:6616:19)
      at TypeScriptParserMixin.unexpected (D:\تطبيقات\Ahmed\node_modules\@babel\parser\lib\index.js:6636:16)
      at TypeScriptParserMixin.expect (D:\تطبيقات\Ahmed\node_modules\@babel\parser\lib\index.js:6916:12)
      at TypeScriptParserMixin.parseParenAndDistinguishExpression (D:\تطبيقات\Ahmed\node_modules\@babel\parser\lib\index.js:11678:14)
      at TypeScriptParserMixin.parseExprAtom (D:\تطبيقات\Ahmed\node_modules\@babel\parser\lib\index.js:11348:23)
      at TypeScriptParserMixin.parseExprAtom (D:\تطبيقات\Ahmed\node_modules\@babel\parser\lib\index.js:4776:20)
      at TypeScriptParserMixin.parseExprSubscripts (D:\تطبيقات\Ahmed\node_modules\@babel\parser\lib\index.js:11098:23)
      at TypeScriptParserMixin.parseUpdate (D:\تطبيقات\Ahmed\node_modules\@babel\parser\lib\index.js:11083:21)
      at TypeScriptParserMixin.parseMaybeUnary (D:\تطبيقات\Ahmed\node_modules\@babel\parser\lib\index.js:11063:23)
      at TypeScriptParserMixin.parseMaybeUnary (D:\تطبيقات\Ahmed\node_modules\@babel\parser\lib\index.js:9854:18)
      at TypeScriptParserMixin.parseMaybeUnaryOrPrivate (D:\تطبيقات\Ahmed\node_modules\@babel\parser\lib\index.js:10916:61)
      at TypeScriptParserMixin.parseExprOpBaseRightExpr (D:\تطبيقات\Ahmed\node_modules\@babel\parser\lib\index.js:11003:34)
      at TypeScriptParserMixin.parseExprOpRightExpr (D:\تطبيقات\Ahmed\node_modules\@babel\parser\lib\index.js:10998:21)
      at TypeScriptParserMixin.parseExprOp (D:\تطبيقات\Ahmed\node_modules\@babel\parser\lib\index.js:10964:27)
      at TypeScriptParserMixin.parseExprOp (D:\تطبيقات\Ahmed\node_modules\@babel\parser\lib\index.js:9323:18)
      at TypeScriptParserMixin.parseExprOps (D:\تطبيقات\Ahmed\node_modules\@babel\parser\lib\index.js:10925:17)
      at TypeScriptParserMixin.parseMaybeConditional (D:\تطبيقات\Ahmed\node_modules\@babel\parser\lib\index.js:10898:23)
      at TypeScriptParserMixin.parseMaybeAssign (D:\تطبيقات\Ahmed\node_modules\@babel\parser\lib\index.js:10848:21)
      at TypeScriptParserMixin.parseMaybeAssign (D:\تطبيقات\Ahmed\node_modules\@babel\parser\lib\index.js:9803:20)
      at TypeScriptParserMixin.parseExpressionBase (D:\تطبيقات\Ahmed\node_modules\@babel\parser\lib\index.js:10801:23)
      at D:\تطبيقات\Ahmed\node_modules\@babel\parser\lib\index.js:10797:39
      at TypeScriptParserMixin.allowInAnd (D:\تطبيقات\Ahmed\node_modules\@babel\parser\lib\index.js:12443:12)
      at TypeScriptParserMixin.parseExpression (D:\تطبيقات\Ahmed\node_modules\@babel\parser\lib\index.js:10797:17)
      at TypeScriptParserMixin.jsxParseExpressionContainer (D:\تطبيقات\Ahmed\node_modules\@babel\parser\lib\index.js:4644:31)
      at TypeScriptParserMixin.jsxParseElementAt (D:\تطبيقات\Ahmed\node_modules\@babel\parser\lib\index.js:4723:36)
      at TypeScriptParserMixin.jsxParseElementAt (D:\تطبيقات\Ahmed\node_modules\@babel\parser\lib\index.js:4710:32)
      at TypeScriptParserMixin.jsxParseElement (D:\تطبيقات\Ahmed\node_modules\@babel\parser\lib\index.js:4761:17)
      at TypeScriptParserMixin.parseExprAtom (D:\تطبيقات\Ahmed\node_modules\@babel\parser\lib\index.js:4771:19)
      at TypeScriptParserMixin.parseExprSubscripts (D:\تطبيقات\Ahmed\node_modules\@babel\parser\lib\index.js:11098:23)
      at TypeScriptParserMixin.parseUpdate (D:\تطبيقات\Ahmed\node_modules\@babel\parser\lib\index.js:11083:21)
      at TypeScriptParserMixin.parseMaybeUnary (D:\تطبيقات\Ahmed\node_modules\@babel\parser\lib\index.js:11063:23)
      at TypeScriptParserMixin.parseMaybeUnary (D:\تطبيقات\Ahmed\node_modules\@babel\parser\lib\index.js:9854:18)
      at TypeScriptParserMixin.parseMaybeUnaryOrPrivate (D:\تطبيقات\Ahmed\node_modules\@babel\parser\lib\index.js:10916:61)
      at TypeScriptParserMixin.parseExprOps (D:\تطبيقات\Ahmed\node_modules\@babel\parser\lib\index.js:10921:23)
      at TypeScriptParserMixin.parseMaybeConditional (D:\تطبيقات\Ahmed\node_modules\@babel\parser\lib\index.js:10898:23)
      at TypeScriptParserMixin.parseMaybeAssign (D:\تطبيقات\Ahmed\node_modules\@babel\parser\lib\index.js:10848:21)
      at D:\تطبيقات\Ahmed\node_modules\@babel\parser\lib\index.js:9792:39
      at TypeScriptParserMixin.tryParse (D:\تطبيقات\Ahmed\node_modules\@babel\parser\lib\index.js:6924:20)
      at TypeScriptParserMixin.parseMaybeAssign (D:\تطبيقات\Ahmed\node_modules\@babel\parser\lib\index.js:9792:18)
      at D:\تطبيقات\Ahmed\node_modules\@babel\parser\lib\index.js:10817:39
      at TypeScriptParserMixin.allowInAnd (D:\تطبيقات\Ahmed\node_modules\@babel\parser\lib\index.js:12443:12)
      at TypeScriptParserMixin.parseMaybeAssignAllowIn (D:\تطبيقات\Ahmed\node_modules\@babel\parser\lib\index.js:10817:17)
      at TypeScriptParserMixin.parseMaybeAssignAllowInOrVoidPattern (D:\تطبيقات\Ahmed\node_modules\@babel\parser\lib\index.js:12510:17)
      at TypeScriptParserMixin.parseParenAndDistinguishExpression (D:\تطبيقات\Ahmed\node_modules\@babel\parser\lib\index.js:11692:28)
      at TypeScriptParserMixin.parseExprAtom (D:\تطبيقات\Ahmed\node_modules\@babel\parser\lib\index.js:11348:23)
      at TypeScriptParserMixin.parseExprAtom (D:\تطبيقات\Ahmed\node_modules\@babel\parser\lib\index.js:4776:20)
      at TypeScriptParserMixin.parseExprSubscripts (D:\تطبيقات\Ahmed\node_modules\@babel\parser\lib\index.js:11098:23)
      at TypeScriptParserMixin.parseUpdate (D:\تطبيقات\Ahmed\node_modules\@babel\parser\lib\index.js:11083:21)
      at TypeScriptParserMixin.parseMaybeUnary (D:\تطبيقات\Ahmed\node_modules\@babel\parser\lib\index.js:11063:23)
[2m٤:٣٢:٠١ م[22m [36m[1m[vite][22m[39m [90m[2m(client)[22m[39m [32mhmr update [39m[2m/@fs/D:\تطبيقات\Ahmed\src\components\InvoiceTab.tsx, /src/index.css[22m
[2m٤:٣٢:٠٢ م[22m [31m[1m[vite][22m[39m [31mInternal server error: D:\تطبيقات\Ahmed\src\components\InvoiceTab.tsx: Unexpected token, expected "," (2510:6)

[0m [90m 2508 |[31m       [33m<[31m[33m/[31m[33mdiv[31m[33m>[31m
 [90m 2509 |[31m
[31m[1m>[22m[31m[90m 2510 |[31m       {selectedInvoice [33m&&[31m (
 [90m      |[31m       [31m[1m^[22m[31m
 [90m 2511 |[31m         [33m<[31m[33mdiv[31m className[33m=[31m[32m"fixed inset-0 z-50 flex items-center justify-center p-4 bg-slate-900/60 backdrop-blur-sm animate-in fade-in"[31m[33m>[31m
 [90m 2512 |[31m           [33m<[31m[33mdiv[31m className[33m=[31m[32m"bg-[#FFFFFF] rounded-3xl w-full max-w-sm overflow-hidden shadow-2xl flex flex-col max-h-[85vh] animate-in zoom-in-95 duration-200"[31m[33m>[31m
 [90m 2513 |[31m             [33m<[31m[33mdiv[31m className[33m=[31m[32m"p-4 border-b border-slate-100 flex justify-between items-center bg-[#F7FAFC]/50"[31m[33m>[31m[0m[39m
  Plugin: [35mvite:react-babel[39m
  File: [36mD:/تطبيقات/Ahmed/src/components/InvoiceTab.tsx[39m:2510:6
[33m  2508|        </div>
  2509|  
  2510|        {selectedInvoice && (
     |        ^
  2511|          <div className="fixed inset-0 z-50 flex items-center justify-center p-4 bg-slate-900/60 backdrop-blur-sm animate-in fade-in">
  2512|            <div className="bg-[#FFFFFF] rounded-3xl w-full max-w-sm overflow-hidden shadow-2xl flex flex-col max-h-[85vh] animate-in zoom-in-95 duration-200">[39m
      at constructor (D:\تطبيقات\Ahmed\node_modules\@babel\parser\lib\index.js:365:19)
      at TypeScriptParserMixin.raise (D:\تطبيقات\Ahmed\node_modules\@babel\parser\lib\index.js:6616:19)
      at TypeScriptParserMixin.unexpected (D:\تطبيقات\Ahmed\node_modules\@babel\parser\lib\index.js:6636:16)
      at TypeScriptParserMixin.expect (D:\تطبيقات\Ahmed\node_modules\@babel\parser\lib\index.js:6916:12)
      at TypeScriptParserMixin.parseParenAndDistinguishExpression (D:\تطبيقات\Ahmed\node_modules\@babel\parser\lib\index.js:11678:14)
      at TypeScriptParserMixin.parseExprAtom (D:\تطبيقات\Ahmed\node_modules\@babel\parser\lib\index.js:11348:23)
      at TypeScriptParserMixin.parseExprAtom (D:\تطبيقات\Ahmed\node_modules\@babel\parser\lib\index.js:4776:20)
      at TypeScriptParserMixin.parseExprSubscripts (D:\تطبيقات\Ahmed\node_modules\@babel\parser\lib\index.js:11098:23)
      at TypeScriptParserMixin.parseUpdate (D:\تطبيقات\Ahmed\node_modules\@babel\parser\lib\index.js:11083:21)
      at TypeScriptParserMixin.parseMaybeUnary (D:\تطبيقات\Ahmed\node_modules\@babel\parser\lib\index.js:11063:23)
      at TypeScriptParserMixin.parseMaybeUnary (D:\تطبيقات\Ahmed\node_modules\@babel\parser\lib\index.js:9854:18)
      at TypeScriptParserMixin.parseMaybeUnaryOrPrivate (D:\تطبيقات\Ahmed\node_modules\@babel\parser\lib\index.js:10916:61)
      at TypeScriptParserMixin.parseExprOpBaseRightExpr (D:\تطبيقات\Ahmed\node_modules\@babel\parser\lib\index.js:11003:34)
      at TypeScriptParserMixin.parseExprOpRightExpr (D:\تطبيقات\Ahmed\node_modules\@babel\parser\lib\index.js:10998:21)
      at TypeScriptParserMixin.parseExprOp (D:\تطبيقات\Ahmed\node_modules\@babel\parser\lib\index.js:10964:27)
      at TypeScriptParserMixin.parseExprOp (D:\تطبيقات\Ahmed\node_modules\@babel\parser\lib\index.js:9323:18)
      at TypeScriptParserMixin.parseExprOps (D:\تطبيقات\Ahmed\node_modules\@babel\parser\lib\index.js:10925:17)
      at TypeScriptParserMixin.parseMaybeConditional (D:\تطبيقات\Ahmed\node_modules\@babel\parser\lib\index.js:10898:23)
      at TypeScriptParserMixin.parseMaybeAssign (D:\تطبيقات\Ahmed\node_modules\@babel\parser\lib\index.js:10848:21)
      at TypeScriptParserMixin.parseMaybeAssign (D:\تطبيقات\Ahmed\node_modules\@babel\parser\lib\index.js:9803:20)
      at TypeScriptParserMixin.parseExpressionBase (D:\تطبيقات\Ahmed\node_modules\@babel\parser\lib\index.js:10801:23)
      at D:\تطبيقات\Ahmed\node_modules\@babel\parser\lib\index.js:10797:39
      at TypeScriptParserMixin.allowInAnd (D:\تطبيقات\Ahmed\node_modules\@babel\parser\lib\index.js:12443:12)
      at TypeScriptParserMixin.parseExpression (D:\تطبيقات\Ahmed\node_modules\@babel\parser\lib\index.js:10797:17)
      at TypeScriptParserMixin.jsxParseExpressionContainer (D:\تطبيقات\Ahmed\node_modules\@babel\parser\lib\index.js:4644:31)
      at TypeScriptParserMixin.jsxParseElementAt (D:\تطبيقات\Ahmed\node_modules\@babel\parser\lib\index.js:4723:36)
      at TypeScriptParserMixin.jsxParseElementAt (D:\تطبيقات\Ahmed\node_modules\@babel\parser\lib\index.js:4710:32)
      at TypeScriptParserMixin.jsxParseElement (D:\تطبيقات\Ahmed\node_modules\@babel\parser\lib\index.js:4761:17)
      at TypeScriptParserMixin.parseExprAtom (D:\تطبيقات\Ahmed\node_modules\@babel\parser\lib\index.js:4771:19)
      at TypeScriptParserMixin.parseExprSubscripts (D:\تطبيقات\Ahmed\node_modules\@babel\parser\lib\index.js:11098:23)
      at TypeScriptParserMixin.parseUpdate (D:\تطبيقات\Ahmed\node_modules\@babel\parser\lib\index.js:11083:21)
      at TypeScriptParserMixin.parseMaybeUnary (D:\تطبيقات\Ahmed\node_modules\@babel\parser\lib\index.js:11063:23)
      at TypeScriptParserMixin.parseMaybeUnary (D:\تطبيقات\Ahmed\node_modules\@babel\parser\lib\index.js:9854:18)
      at TypeScriptParserMixin.parseMaybeUnaryOrPrivate (D:\تطبيقات\Ahmed\node_modules\@babel\parser\lib\index.js:10916:61)
      at TypeScriptParserMixin.parseExprOps (D:\تطبيقات\Ahmed\node_modules\@babel\parser\lib\index.js:10921:23)
      at TypeScriptParserMixin.parseMaybeConditional (D:\تطبيقات\Ahmed\node_modules\@babel\parser\lib\index.js:10898:23)
      at TypeScriptParserMixin.parseMaybeAssign (D:\تطبيقات\Ahmed\node_modules\@babel\parser\lib\index.js:10848:21)
      at D:\تطبيقات\Ahmed\node_modules\@babel\parser\lib\index.js:9792:39
      at TypeScriptParserMixin.tryParse (D:\تطبيقات\Ahmed\node_modules\@babel\parser\lib\index.js:6924:20)
      at TypeScriptParserMixin.parseMaybeAssign (D:\تطبيقات\Ahmed\node_modules\@babel\parser\lib\index.js:9792:18)
      at D:\تطبيقات\Ahmed\node_modules\@babel\parser\lib\index.js:10817:39
      at TypeScriptParserMixin.allowInAnd (D:\تطبيقات\Ahmed\node_modules\@babel\parser\lib\index.js:12443:12)
      at TypeScriptParserMixin.parseMaybeAssignAllowIn (D:\تطبيقات\Ahmed\node_modules\@babel\parser\lib\index.js:10817:17)
      at TypeScriptParserMixin.parseMaybeAssignAllowInOrVoidPattern (D:\تطبيقات\Ahmed\node_modules\@babel\parser\lib\index.js:12510:17)
      at TypeScriptParserMixin.parseParenAndDistinguishExpression (D:\تطبيقات\Ahmed\node_modules\@babel\parser\lib\index.js:11692:28)
      at TypeScriptParserMixin.parseExprAtom (D:\تطبيقات\Ahmed\node_modules\@babel\parser\lib\index.js:11348:23)
      at TypeScriptParserMixin.parseExprAtom (D:\تطبيقات\Ahmed\node_modules\@babel\parser\lib\index.js:4776:20)
      at TypeScriptParserMixin.parseExprSubscripts (D:\تطبيقات\Ahmed\node_modules\@babel\parser\lib\index.js:11098:23)
      at TypeScriptParserMixin.parseUpdate (D:\تطبيقات\Ahmed\node_modules\@babel\parser\lib\index.js:11083:21)
      at TypeScriptParserMixin.parseMaybeUnary (D:\تطبيقات\Ahmed\node_modules\@babel\parser\lib\index.js:11063:23)
[2m٤:٣٢:٥٠ م[22m [36m[1m[vite][22m[39m [90m[2m(client)[22m[39m [32mhmr update [39m[2m/@fs/D:\تطبيقات\Ahmed\src\components\InvoiceTab.tsx, /src/index.css[22m
[2m٤:٣٢:٥٠ م[22m [31m[1m[vite][22m[39m [31mInternal server error: D:\تطبيقات\Ahmed\src\components\InvoiceTab.tsx: Unexpected token, expected "," (2509:6)

[0m [90m 2507 |[31m       [33m<[31m[33m/[31m[33mdiv[31m[33m>[31m
 [90m 2508 |[31m
[31m[1m>[22m[31m[90m 2509 |[31m       {selectedInvoice [33m&&[31m (
 [90m      |[31m       [31m[1m^[22m[31m
 [90m 2510 |[31m         [33m<[31m[33mdiv[31m className[33m=[31m[32m"fixed inset-0 z-50 flex items-center justify-center p-4 bg-slate-900/60 backdrop-blur-sm animate-in fade-in"[31m[33m>[31m
 [90m 2511 |[31m           [33m<[31m[33mdiv[31m className[33m=[31m[32m"bg-[#FFFFFF] rounded-3xl w-full max-w-sm overflow-hidden shadow-2xl flex flex-col max-h-[85vh] animate-in zoom-in-95 duration-200"[31m[33m>[31m
 [90m 2512 |[31m             [33m<[31m[33mdiv[31m className[33m=[31m[32m"p-4 border-b border-slate-100 flex justify-between items-center bg-[#F7FAFC]/50"[31m[33m>[31m[0m[39m
  Plugin: [35mvite:react-babel[39m
  File: [36mD:/تطبيقات/Ahmed/src/components/InvoiceTab.tsx[39m:2509:6
[33m  2507|        </div>
  2508|  
  2509|        {selectedInvoice && (
     |        ^
  2510|          <div className="fixed inset-0 z-50 flex items-center justify-center p-4 bg-slate-900/60 backdrop-blur-sm animate-in fade-in">
  2511|            <div className="bg-[#FFFFFF] rounded-3xl w-full max-w-sm overflow-hidden shadow-2xl flex flex-col max-h-[85vh] animate-in zoom-in-95 duration-200">[39m
      at constructor (D:\تطبيقات\Ahmed\node_modules\@babel\parser\lib\index.js:365:19)
      at TypeScriptParserMixin.raise (D:\تطبيقات\Ahmed\node_modules\@babel\parser\lib\index.js:6616:19)
      at TypeScriptParserMixin.unexpected (D:\تطبيقات\Ahmed\node_modules\@babel\parser\lib\index.js:6636:16)
      at TypeScriptParserMixin.expect (D:\تطبيقات\Ahmed\node_modules\@babel\parser\lib\index.js:6916:12)
      at TypeScriptParserMixin.parseParenAndDistinguishExpression (D:\تطبيقات\Ahmed\node_modules\@babel\parser\lib\index.js:11678:14)
      at TypeScriptParserMixin.parseExprAtom (D:\تطبيقات\Ahmed\node_modules\@babel\parser\lib\index.js:11348:23)
      at TypeScriptParserMixin.parseExprAtom (D:\تطبيقات\Ahmed\node_modules\@babel\parser\lib\index.js:4776:20)
      at TypeScriptParserMixin.parseExprSubscripts (D:\تطبيقات\Ahmed\node_modules\@babel\parser\lib\index.js:11098:23)
      at TypeScriptParserMixin.parseUpdate (D:\تطبيقات\Ahmed\node_modules\@babel\parser\lib\index.js:11083:21)
      at TypeScriptParserMixin.parseMaybeUnary (D:\تطبيقات\Ahmed\node_modules\@babel\parser\lib\index.js:11063:23)
      at TypeScriptParserMixin.parseMaybeUnary (D:\تطبيقات\Ahmed\node_modules\@babel\parser\lib\index.js:9854:18)
      at TypeScriptParserMixin.parseMaybeUnaryOrPrivate (D:\تطبيقات\Ahmed\node_modules\@babel\parser\lib\index.js:10916:61)
      at TypeScriptParserMixin.parseExprOpBaseRightExpr (D:\تطبيقات\Ahmed\node_modules\@babel\parser\lib\index.js:11003:34)
      at TypeScriptParserMixin.parseExprOpRightExpr (D:\تطبيقات\Ahmed\node_modules\@babel\parser\lib\index.js:10998:21)
      at TypeScriptParserMixin.parseExprOp (D:\تطبيقات\Ahmed\node_modules\@babel\parser\lib\index.js:10964:27)
      at TypeScriptParserMixin.parseExprOp (D:\تطبيقات\Ahmed\node_modules\@babel\parser\lib\index.js:9323:18)
      at TypeScriptParserMixin.parseExprOps (D:\تطبيقات\Ahmed\node_modules\@babel\parser\lib\index.js:10925:17)
      at TypeScriptParserMixin.parseMaybeConditional (D:\تطبيقات\Ahmed\node_modules\@babel\parser\lib\index.js:10898:23)
      at TypeScriptParserMixin.parseMaybeAssign (D:\تطبيقات\Ahmed\node_modules\@babel\parser\lib\index.js:10848:21)
      at TypeScriptParserMixin.parseMaybeAssign (D:\تطبيقات\Ahmed\node_modules\@babel\parser\lib\index.js:9803:20)
      at TypeScriptParserMixin.parseExpressionBase (D:\تطبيقات\Ahmed\node_modules\@babel\parser\lib\index.js:10801:23)
      at D:\تطبيقات\Ahmed\node_modules\@babel\parser\lib\index.js:10797:39
      at TypeScriptParserMixin.allowInAnd (D:\تطبيقات\Ahmed\node_modules\@babel\parser\lib\index.js:12443:12)
      at TypeScriptParserMixin.parseExpression (D:\تطبيقات\Ahmed\node_modules\@babel\parser\lib\index.js:10797:17)
      at TypeScriptParserMixin.jsxParseExpressionContainer (D:\تطبيقات\Ahmed\node_modules\@babel\parser\lib\index.js:4644:31)
      at TypeScriptParserMixin.jsxParseElementAt (D:\تطبيقات\Ahmed\node_modules\@babel\parser\lib\index.js:4723:36)
      at TypeScriptParserMixin.jsxParseElementAt (D:\تطبيقات\Ahmed\node_modules\@babel\parser\lib\index.js:4710:32)
      at TypeScriptParserMixin.jsxParseElement (D:\تطبيقات\Ahmed\node_modules\@babel\parser\lib\index.js:4761:17)
      at TypeScriptParserMixin.parseExprAtom (D:\تطبيقات\Ahmed\node_modules\@babel\parser\lib\index.js:4771:19)
      at TypeScriptParserMixin.parseExprSubscripts (D:\تطبيقات\Ahmed\node_modules\@babel\parser\lib\index.js:11098:23)
      at TypeScriptParserMixin.parseUpdate (D:\تطبيقات\Ahmed\node_modules\@babel\parser\lib\index.js:11083:21)
      at TypeScriptParserMixin.parseMaybeUnary (D:\تطبيقات\Ahmed\node_modules\@babel\parser\lib\index.js:11063:23)
      at TypeScriptParserMixin.parseMaybeUnary (D:\تطبيقات\Ahmed\node_modules\@babel\parser\lib\index.js:9854:18)
      at TypeScriptParserMixin.parseMaybeUnaryOrPrivate (D:\تطبيقات\Ahmed\node_modules\@babel\parser\lib\index.js:10916:61)
      at TypeScriptParserMixin.parseExprOps (D:\تطبيقات\Ahmed\node_modules\@babel\parser\lib\index.js:10921:23)
      at TypeScriptParserMixin.parseMaybeConditional (D:\تطبيقات\Ahmed\node_modules\@babel\parser\lib\index.js:10898:23)
      at TypeScriptParserMixin.parseMaybeAssign (D:\تطبيقات\Ahmed\node_modules\@babel\parser\lib\index.js:10848:21)
      at D:\تطبيقات\Ahmed\node_modules\@babel\parser\lib\index.js:9792:39
      at TypeScriptParserMixin.tryParse (D:\تطبيقات\Ahmed\node_modules\@babel\parser\lib\index.js:6924:20)
      at TypeScriptParserMixin.parseMaybeAssign (D:\تطبيقات\Ahmed\node_modules\@babel\parser\lib\index.js:9792:18)
      at D:\تطبيقات\Ahmed\node_modules\@babel\parser\lib\index.js:10817:39
      at TypeScriptParserMixin.allowInAnd (D:\تطبيقات\Ahmed\node_modules\@babel\parser\lib\index.js:12443:12)
      at TypeScriptParserMixin.parseMaybeAssignAllowIn (D:\تطبيقات\Ahmed\node_modules\@babel\parser\lib\index.js:10817:17)
      at TypeScriptParserMixin.parseMaybeAssignAllowInOrVoidPattern (D:\تطبيقات\Ahmed\node_modules\@babel\parser\lib\index.js:12510:17)
      at TypeScriptParserMixin.parseParenAndDistinguishExpression (D:\تطبيقات\Ahmed\node_modules\@babel\parser\lib\index.js:11692:28)
      at TypeScriptParserMixin.parseExprAtom (D:\تطبيقات\Ahmed\node_modules\@babel\parser\lib\index.js:11348:23)
      at TypeScriptParserMixin.parseExprAtom (D:\تطبيقات\Ahmed\node_modules\@babel\parser\lib\index.js:4776:20)
      at TypeScriptParserMixin.parseExprSubscripts (D:\تطبيقات\Ahmed\node_modules\@babel\parser\lib\index.js:11098:23)
      at TypeScriptParserMixin.parseUpdate (D:\تطبيقات\Ahmed\node_modules\@babel\parser\lib\index.js:11083:21)
      at TypeScriptParserMixin.parseMaybeUnary (D:\تطبيقات\Ahmed\node_modules\@babel\parser\lib\index.js:11063:23)
[2m٤:٣٤:٣٨ م[22m [36m[1m[vite][22m[39m [90m[2m(client)[22m[39m [32mhmr update [39m[2m/@fs/D:\تطبيقات\Ahmed\src\components\InvoiceTab.tsx, /src/index.css[22m
[2m٤:٤٠:٣٩ م[22m [36m[1m[vite][22m[39m [90m[2m(client)[22m[39m [32mhmr update [39m[2m/@fs/D:\تطبيقات\Ahmed\src\components\InvoiceTab.tsx, /src/index.css[22m
[2m٤:٤١:١٠ م[22m [36m[1m[vite][22m[39m [90m[2m(client)[22m[39m [32mhmr update [39m[2m/@fs/D:\تطبيقات\Ahmed\src\components\InvoiceTab.tsx, /src/index.css[22m
[2m٤:٥٣:٤٥ م[22m [36m[1m[vite][22m[39m [90m[2m(client)[22m[39m [32mhmr update [39m[2m/@fs/D:\تطبيقات\Ahmed\src\components\InvoiceTab.tsx, /src/index.css[22m
[2m٤:٥٧:١٧ م[22m [36m[1m[vite][22m[39m [90m[2m(client)[22m[39m [32mhmr update [39m[2m/@fs/D:\تطبيقات\Ahmed\src\components\InvoiceTab.tsx, /src/index.css[22m
[2m٥:١٧:٣٦ م[22m [36m[1m[vite][22m[39m [90m[2m(client)[22m[39m [32mhmr update [39m[2m/src/index.css, /src/App.tsx, /@fs/D:\تطبيقات\Ahmed\src\components\PricesTab.tsx, /@fs/D:\تطبيقات\Ahmed\src\components\Dashboard.tsx, /@fs/D:\تطبيقات\Ahmed\src\components\InvoiceTab.tsx, /@fs/D:\تطبيقات\Ahmed\src\components\ManageTab.tsx, /@fs/D:\تطبيقات\Ahmed\src\components\ReportsTab.tsx, /@fs/D:\تطبيقات\Ahmed\src\components\FactoryTab.tsx, /@fs/D:\تطبيقات\Ahmed\src\components\SoftDeletedArchive.tsx, /@fs/D:\تطبيقات\Ahmed\src\components\archive\LoadsArchiveSection.tsx, /@fs/D:\تطبيقات\Ahmed\src\components\archive\CyclesArchiveSection.tsx, /@fs/D:\تطبيقات\Ahmed\src\components\archive\TripsArchiveSection.tsx, /@fs/D:\تطبيقات\Ahmed\src\components\archive\PaymentsArchiveSection.tsx[22m
[2m٥:٢١:١٢ م[22m [36m[1m[vite][22m[39m [90m[2m(client)[22m[39m [32mpage reload [39m[2mCode.gs[22m
[2m٥:٢٢:١٥ م[22m [36m[1m[vite][22m[39m [90m[2m(client)[22m[39m [32mpage reload [39m[2mCode.gs[22m
[2m٥:٢٢:٥٦ م[22m [36m[1m[vite][22m[39m [90m[2m(client)[22m[39m [32mpage reload [39m[2mCode.gs[22m
[2m٥:٢٤:٥٠ م[22m [36m[1m[vite][22m[39m [90m[2m(client)[22m[39m [32mhmr update [39m[2m/src/App.tsx, /src/index.css[22m
[2m٥:٢٥:٣٧ م[22m [36m[1m[vite][22m[39m [90m[2m(client)[22m[39m [32mhmr update [39m[2m/src/App.tsx, /src/index.css[22m
[2m٥:٢٦:٤٩ م[22m [36m[1m[vite][22m[39m [90m[2m(client)[22m[39m [32mhmr update [39m[2m/src/App.tsx, /src/index.css[22m
[2m٥:٣١:١٠ م[22m [36m[1m[vite][22m[39m [90m[2m(client)[22m[39m [32mhmr update [39m[2m/src/App.tsx, /src/index.css[22m
[2m٥:٣٤:١٢ م[22m [36m[1m[vite][22m[39m [90m[2m(client)[22m[39m [32mhmr update [39m[2m/src/App.tsx, /src/index.css[22m
[2m٥:٣٥:٥٧ م[22m [36m[1m[vite][22m[39m [90m[2m(client)[22m[39m [32mhmr update [39m[2m/src/App.tsx, /src/index.css[22m
[2m٥:٣٧:٠٣ م[22m [36m[1m[vite][22m[39m [90m[2m(client)[22m[39m [32mhmr update [39m[2m/src/App.tsx, /src/index.css[22m
[2m٥:٣٨:٣٢ م[22m [36m[1m[vite][22m[39m [90m[2m(client)[22m[39m [32mhmr update [39m[2m/src/App.tsx, /src/index.css[22m
[2m٥:٣٩:٢٠ م[22m [36m[1m[vite][22m[39m [90m[2m(client)[22m[39m [32mhmr update [39m[2m/src/App.tsx, /src/index.css[22m
[2m٥:٤٠:٠٢ م[22m [36m[1m[vite][22m[39m [90m[2m(client)[22m[39m [32mhmr update [39m[2m/src/App.tsx, /src/index.css[22m
[2m٥:٤٣:٣٩ م[22m [36m[1m[vite][22m[39m [90m[2m(client)[22m[39m [32mhmr update [39m[2m/src/App.tsx, /src/index.css[22m
[2m٥:٤٦:١٠ م[22m [36m[1m[vite][22m[39m [90m[2m(client)[22m[39m [32mhmr update [39m[2m/src/App.tsx, /src/index.css[22m
[2m٥:٤٧:٣٠ م[22m [36m[1m[vite][22m[39m [90m[2m(client)[22m[39m [32mhmr update [39m[2m/@fs/D:\تطبيقات\Ahmed\src\components\InvoiceTab.tsx, /src/index.css[22m
[2m٥:٤٨:١٢ م[22m [36m[1m[vite][22m[39m [90m[2m(client)[22m[39m [32mhmr update [39m[2m/@fs/D:\تطبيقات\Ahmed\src\components\InvoiceTab.tsx, /src/index.css[22m
[2m٥:٤٨:٥٧ م[22m [36m[1m[vite][22m[39m [90m[2m(client)[22m[39m [32mhmr update [39m[2m/@fs/D:\تطبيقات\Ahmed\src\components\InvoiceTab.tsx, /src/index.css[22m
[2m٥:٤٩:٥١ م[22m [36m[1m[vite][22m[39m [90m[2m(client)[22m[39m [32mhmr update [39m[2m/@fs/D:\تطبيقات\Ahmed\src\components\InvoiceTab.tsx, /src/index.css[22m
[2m٥:٥٠:٥٤ م[22m [36m[1m[vite][22m[39m [90m[2m(client)[22m[39m [32mhmr update [39m[2m/@fs/D:\تطبيقات\Ahmed\src\components\InvoiceTab.tsx, /src/index.css[22m
[2m٥:٥٦:١١ م[22m [36m[1m[vite][22m[39m [90m[2m(client)[22m[39m [32mhmr update [39m[2m/@fs/D:\تطبيقات\Ahmed\src\components\InvoiceTab.tsx, /src/index.css[22m
[2m٦:٠٢:٣٠ م[22m [36m[1m[vite][22m[39m [90m[2m(client)[22m[39m [32mhmr update [39m[2m/@fs/D:\تطبيقات\Ahmed\src\components\FactoryTab.tsx, /src/index.css[22m
[2m٦:٠٢:٥٨ م[22m [36m[1m[vite][22m[39m [90m[2m(client)[22m[39m [32mhmr update [39m[2m/@fs/D:\تطبيقات\Ahmed\src\components\FactoryTab.tsx, /src/index.css[22m
[2m٦:٠٣:١١ م[22m [36m[1m[vite][22m[39m [90m[2m(client)[22m[39m [32mhmr update [39m[2m/@fs/D:\تطبيقات\Ahmed\src\components\FactoryTab.tsx, /src/index.css[22m
[2m٦:٠٣:٢٦ م[22m [36m[1m[vite][22m[39m [90m[2m(client)[22m[39m [32mhmr update [39m[2m/@fs/D:\تطبيقات\Ahmed\src\components\FactoryTab.tsx, /src/index.css[22m
[2m٦:٠٣:٥٠ م[22m [36m[1m[vite][22m[39m [90m[2m(client)[22m[39m [32mhmr update [39m[2m/@fs/D:\تطبيقات\Ahmed\src\components\FactoryTab.tsx, /src/index.css[22m
[2m٦:٠٤:٠٩ م[22m [36m[1m[vite][22m[39m [90m[2m(client)[22m[39m [32mhmr update [39m[2m/@fs/D:\تطبيقات\Ahmed\src\components\FactoryTab.tsx, /src/index.css[22m
[2m٦:٠٤:٤١ م[22m [36m[1m[vite][22m[39m [90m[2m(client)[22m[39m [32mhmr update [39m[2m/@fs/D:\تطبيقات\Ahmed\src\components\FactoryTab.tsx, /src/index.css[22m
[2m٦:٠٤:٥٦ م[22m [36m[1m[vite][22m[39m [90m[2m(client)[22m[39m [32mhmr update [39m[2m/@fs/D:\تطبيقات\Ahmed\src\components\FactoryTab.tsx, /src/index.css[22m
[2m٦:٠٥:٢٢ م[22m [36m[1m[vite][22m[39m [90m[2m(client)[22m[39m [32mhmr update [39m[2m/src/App.tsx, /src/index.css[22m
[2m٦:٠٥:٢٣ م[22m [36m[1m[vite][22m[39m [90m[2m(client)[22m[39m [32mhmr update [39m[2m/src/App.tsx, /src/index.css[22m
[2m٦:٠٥:٣٤ م[22m [36m[1m[vite][22m[39m [90m[2m(client)[22m[39m [32mhmr update [39m[2m/src/App.tsx, /src/index.css[22m
[2m٦:٠٥:٥٧ م[22m [36m[1m[vite][22m[39m [90m[2m(client)[22m[39m [32mhmr update [39m[2m/src/App.tsx, /src/index.css[22m
[2m٦:٠٨:٢٥ م[22m [36m[1m[vite][22m[39m [90m[2m(client)[22m[39m [32mhmr update [39m[2m/@fs/D:\تطبيقات\Ahmed\src\components\InvoiceTab.tsx, /src/index.css[22m
[2m٦:٠٨:٣٦ م[22m [36m[1m[vite][22m[39m [90m[2m(client)[22m[39m [32mhmr update [39m[2m/@fs/D:\تطبيقات\Ahmed\src\components\InvoiceTab.tsx, /src/index.css[22m
[2m٦:٠٩:١٥ م[22m [36m[1m[vite][22m[39m [90m[2m(client)[22m[39m [32mhmr update [39m[2m/@fs/D:\تطبيقات\Ahmed\src\components\ReportsTab.tsx, /src/index.css[22m
[2m٦:٠٩:١٥ م[22m [36m[1m[vite][22m[39m [90m[2m(client)[22m[39m [32mhmr update [39m[2m/@fs/D:\تطبيقات\Ahmed\src\components\ReportsTab.tsx, /src/index.css[22m
[2m٦:٠٩:٣٥ م[22m [36m[1m[vite][22m[39m [90m[2m(client)[22m[39m [32mhmr update [39m[2m/@fs/D:\تطبيقات\Ahmed\src\components\ReportsTab.tsx, /src/index.css[22m
[2m٦:١٠:٠٢ م[22m [36m[1m[vite][22m[39m [90m[2m(client)[22m[39m [32mhmr update [39m[2m/@fs/D:\تطبيقات\Ahmed\src\components\ReportsTab.tsx, /src/index.css[22m
[2m٦:١٠:٢٥ م[22m [36m[1m[vite][22m[39m [90m[2m(client)[22m[39m [32mhmr update [39m[2m/@fs/D:\تطبيقات\Ahmed\src\components\ReportsTab.tsx, /src/index.css[22m
[2m٦:١٠:٤٧ م[22m [36m[1m[vite][22m[39m [90m[2m(client)[22m[39m [32mhmr update [39m[2m/@fs/D:\تطبيقات\Ahmed\src\components\ReportsTab.tsx, /src/index.css[22m
[2m٦:١١:٠٦ م[22m [36m[1m[vite][22m[39m [90m[2m(client)[22m[39m [32mhmr update [39m[2m/@fs/D:\تطبيقات\Ahmed\src\components\ReportsTab.tsx, /src/index.css[22m
[2m٦:١١:٢٤ م[22m [36m[1m[vite][22m[39m [90m[2m(client)[22m[39m [32mhmr update [39m[2m/src/App.tsx, /src/index.css[22m
[2m٦:٢١:١٩ م[22m [36m[1m[vite][22m[39m [90m[2m(client)[22m[39m [32mhmr update [39m[2m/@fs/D:\تطبيقات\Ahmed\src\components\InvoiceTab.tsx, /src/index.css[22m
[2m٦:٢١:٢٠ م[22m [31m[1m[vite][22m[39m [31mInternal server error: D:\تطبيقات\Ahmed\src\components\InvoiceTab.tsx: Unexpected token, expected ":" (2569:13)

[0m [90m 2567 |[31m                 )}
 [90m 2568 |[31m               [33m<[31m[33m/[31m[33mdiv[31m[33m>[31m
[31m[1m>[22m[31m[90m 2569 |[31m             )}
 [90m      |[31m              [31m[1m^[22m[31m
 [90m 2570 |[31m           [33m<[31m[33m/[31m[33mdiv[31m[33m>[31m
 [90m 2571 |[31m         )}
 [90m 2572 |[31m[0m[39m
  Plugin: [35mvite:react-babel[39m
  File: [36mD:/تطبيقات/Ahmed/src/components/InvoiceTab.tsx[39m:2569:13
[33m  2567|                  )}
  2568|                </div>
  2569|              )}
     |               ^
  2570|            </div>
  2571|          )}[39m
      at constructor (D:\تطبيقات\Ahmed\node_modules\@babel\parser\lib\index.js:365:19)
      at TypeScriptParserMixin.raise (D:\تطبيقات\Ahmed\node_modules\@babel\parser\lib\index.js:6616:19)
      at TypeScriptParserMixin.unexpected (D:\تطبيقات\Ahmed\node_modules\@babel\parser\lib\index.js:6636:16)
      at TypeScriptParserMixin.expect (D:\تطبيقات\Ahmed\node_modules\@babel\parser\lib\index.js:6916:12)
      at TypeScriptParserMixin.parseConditional (D:\تطبيقات\Ahmed\node_modules\@babel\parser\lib\index.js:10909:12)
      at TypeScriptParserMixin.parseConditional (D:\تطبيقات\Ahmed\node_modules\@babel\parser\lib\index.js:9620:18)
      at TypeScriptParserMixin.parseMaybeConditional (D:\تطبيقات\Ahmed\node_modules\@babel\parser\lib\index.js:10902:17)
      at TypeScriptParserMixin.parseMaybeAssign (D:\تطبيقات\Ahmed\node_modules\@babel\parser\lib\index.js:10848:21)
      at TypeScriptParserMixin.parseMaybeAssign (D:\تطبيقات\Ahmed\node_modules\@babel\parser\lib\index.js:9803:20)
      at TypeScriptParserMixin.parseExpressionBase (D:\تطبيقات\Ahmed\node_modules\@babel\parser\lib\index.js:10801:23)
      at D:\تطبيقات\Ahmed\node_modules\@babel\parser\lib\index.js:10797:39
      at TypeScriptParserMixin.allowInAnd (D:\تطبيقات\Ahmed\node_modules\@babel\parser\lib\index.js:12443:12)
      at TypeScriptParserMixin.parseExpression (D:\تطبيقات\Ahmed\node_modules\@babel\parser\lib\index.js:10797:17)
      at TypeScriptParserMixin.jsxParseExpressionContainer (D:\تطبيقات\Ahmed\node_modules\@babel\parser\lib\index.js:4644:31)
      at TypeScriptParserMixin.jsxParseElementAt (D:\تطبيقات\Ahmed\node_modules\@babel\parser\lib\index.js:4723:36)
      at TypeScriptParserMixin.jsxParseElement (D:\تطبيقات\Ahmed\node_modules\@babel\parser\lib\index.js:4761:17)
      at TypeScriptParserMixin.parseExprAtom (D:\تطبيقات\Ahmed\node_modules\@babel\parser\lib\index.js:4771:19)
      at TypeScriptParserMixin.parseExprSubscripts (D:\تطبيقات\Ahmed\node_modules\@babel\parser\lib\index.js:11098:23)
      at TypeScriptParserMixin.parseUpdate (D:\تطبيقات\Ahmed\node_modules\@babel\parser\lib\index.js:11083:21)
      at TypeScriptParserMixin.parseMaybeUnary (D:\تطبيقات\Ahmed\node_modules\@babel\parser\lib\index.js:11063:23)
      at TypeScriptParserMixin.parseMaybeUnary (D:\تطبيقات\Ahmed\node_modules\@babel\parser\lib\index.js:9854:18)
      at TypeScriptParserMixin.parseMaybeUnaryOrPrivate (D:\تطبيقات\Ahmed\node_modules\@babel\parser\lib\index.js:10916:61)
      at TypeScriptParserMixin.parseExprOps (D:\تطبيقات\Ahmed\node_modules\@babel\parser\lib\index.js:10921:23)
      at TypeScriptParserMixin.parseMaybeConditional (D:\تطبيقات\Ahmed\node_modules\@babel\parser\lib\index.js:10898:23)
      at TypeScriptParserMixin.parseMaybeAssign (D:\تطبيقات\Ahmed\node_modules\@babel\parser\lib\index.js:10848:21)
      at D:\تطبيقات\Ahmed\node_modules\@babel\parser\lib\index.js:9792:39
      at TypeScriptParserMixin.tryParse (D:\تطبيقات\Ahmed\node_modules\@babel\parser\lib\index.js:6924:20)
      at TypeScriptParserMixin.parseMaybeAssign (D:\تطبيقات\Ahmed\node_modules\@babel\parser\lib\index.js:9792:18)
      at D:\تطبيقات\Ahmed\node_modules\@babel\parser\lib\index.js:10817:39
      at TypeScriptParserMixin.allowInAnd (D:\تطبيقات\Ahmed\node_modules\@babel\parser\lib\index.js:12443:12)
      at TypeScriptParserMixin.parseMaybeAssignAllowIn (D:\تطبيقات\Ahmed\node_modules\@babel\parser\lib\index.js:10817:17)
      at TypeScriptParserMixin.parseMaybeAssignAllowInOrVoidPattern (D:\تطبيقات\Ahmed\node_modules\@babel\parser\lib\index.js:12510:17)
      at TypeScriptParserMixin.parseParenAndDistinguishExpression (D:\تطبيقات\Ahmed\node_modules\@babel\parser\lib\index.js:11692:28)
      at TypeScriptParserMixin.parseExprAtom (D:\تطبيقات\Ahmed\node_modules\@babel\parser\lib\index.js:11348:23)
      at TypeScriptParserMixin.parseExprAtom (D:\تطبيقات\Ahmed\node_modules\@babel\parser\lib\index.js:4776:20)
      at TypeScriptParserMixin.parseExprSubscripts (D:\تطبيقات\Ahmed\node_modules\@babel\parser\lib\index.js:11098:23)
      at TypeScriptParserMixin.parseUpdate (D:\تطبيقات\Ahmed\node_modules\@babel\parser\lib\index.js:11083:21)
      at TypeScriptParserMixin.parseMaybeUnary (D:\تطبيقات\Ahmed\node_modules\@babel\parser\lib\index.js:11063:23)
      at TypeScriptParserMixin.parseMaybeUnary (D:\تطبيقات\Ahmed\node_modules\@babel\parser\lib\index.js:9854:18)
      at TypeScriptParserMixin.parseMaybeUnaryOrPrivate (D:\تطبيقات\Ahmed\node_modules\@babel\parser\lib\index.js:10916:61)
      at TypeScriptParserMixin.parseExprOpBaseRightExpr (D:\تطبيقات\Ahmed\node_modules\@babel\parser\lib\index.js:11003:34)
      at TypeScriptParserMixin.parseExprOpRightExpr (D:\تطبيقات\Ahmed\node_modules\@babel\parser\lib\index.js:10998:21)
      at TypeScriptParserMixin.parseExprOp (D:\تطبيقات\Ahmed\node_modules\@babel\parser\lib\index.js:10964:27)
      at TypeScriptParserMixin.parseExprOp (D:\تطبيقات\Ahmed\node_modules\@babel\parser\lib\index.js:9323:18)
      at TypeScriptParserMixin.parseExprOps (D:\تطبيقات\Ahmed\node_modules\@babel\parser\lib\index.js:10925:17)
      at TypeScriptParserMixin.parseMaybeConditional (D:\تطبيقات\Ahmed\node_modules\@babel\parser\lib\index.js:10898:23)
      at TypeScriptParserMixin.parseMaybeAssign (D:\تطبيقات\Ahmed\node_modules\@babel\parser\lib\index.js:10848:21)
      at TypeScriptParserMixin.parseMaybeAssign (D:\تطبيقات\Ahmed\node_modules\@babel\parser\lib\index.js:9803:20)
      at TypeScriptParserMixin.parseExpressionBase (D:\تطبيقات\Ahmed\node_modules\@babel\parser\lib\index.js:10801:23)
      at D:\تطبيقات\Ahmed\node_modules\@babel\parser\lib\index.js:10797:39
[2m٦:٢٣:٢٦ م[22m [36m[1m[vite][22m[39m [90m[2m(client)[22m[39m [32mhmr update [39m[2m/@fs/D:\تطبيقات\Ahmed\src\components\InvoiceTab.tsx, /src/index.css[22m
[2m٦:٥٤:٢٢ م[22m [36m[1m[vite][22m[39m [90m[2m(client)[22m[39m [32mhmr update [39m[2m/@fs/D:\تطبيقات\Ahmed\src\components\InvoiceTab.tsx, /src/index.css[22m
[2m٦:٥٥:٠٠ م[22m [36m[1m[vite][22m[39m [90m[2m(client)[22m[39m [32mhmr update [39m[2m/@fs/D:\تطبيقات\Ahmed\src\components\InvoiceTab.tsx, /src/index.css[22m
[2m٦:٥٦:٣١ م[22m [36m[1m[vite][22m[39m [90m[2m(client)[22m[39m [32mhmr update [39m[2m/@fs/D:\تطبيقات\Ahmed\src\components\InvoiceTab.tsx, /src/index.css[22m
[2m٦:٥٧:١٦ م[22m [36m[1m[vite][22m[39m [90m[2m(client)[22m[39m [32mhmr update [39m[2m/@fs/D:\تطبيقات\Ahmed\src\components\InvoiceTab.tsx, /src/index.css[22m
[2m٦:٥٩:١٤ م[22m [36m[1m[vite][22m[39m [90m[2m(client)[22m[39m [32mhmr update [39m[2m/@fs/D:\تطبيقات\Ahmed\src\components\InvoiceTab.tsx, /src/index.css[22m
[2m٦:٥٩:٣٥ م[22m [36m[1m[vite][22m[39m [90m[2m(client)[22m[39m [32mhmr update [39m[2m/@fs/D:\تطبيقات\Ahmed\src\components\InvoiceTab.tsx, /src/index.css[22m
[2m٧:١٨:٥٢ م[22m [36m[1m[vite][22m[39m [90m[2m(client)[22m[39m [32mhmr update [39m[2m/@fs/D:\تطبيقات\Ahmed\src\components\InvoiceTab.tsx, /src/index.css[22m
[2m٧:٢٠:٢٣ م[22m [36m[1m[vite][22m[39m [90m[2m(client)[22m[39m [32mhmr update [39m[2m/@fs/D:\تطبيقات\Ahmed\src\components\InvoiceTab.tsx, /src/index.css[22m
[2m٧:٢٢:٤٢ م[22m [36m[1m[vite][22m[39m [90m[2m(client)[22m[39m [32mhmr update [39m[2m/@fs/D:\تطبيقات\Ahmed\src\components\InvoiceTab.tsx, /src/index.css[22m
[2m٧:٣٤:٢٠ م[22m [36m[1m[vite][22m[39m [90m[2m(client)[22m[39m [32mhmr update [39m[2m/@fs/D:\تطبيقات\Ahmed\src\components\InvoiceTab.tsx, /src/index.css[22m
[2m٨:٣٢:١١ م[22m [36m[1m[vite][22m[39m [90m[2m(client)[22m[39m [32mhmr update [39m[2m/@fs/D:\تطبيقات\Ahmed\src\components\InvoiceTab.tsx, /src/index.css[22m
[2m٨:٣٢:٣٥ م[22m [36m[1m[vite][22m[39m [90m[2m(client)[22m[39m [32mhmr update [39m[2m/@fs/D:\تطبيقات\Ahmed\src\components\InvoiceTab.tsx, /src/index.css[22m
[2m٨:٣٢:٤٩ م[22m [36m[1m[vite][22m[39m [90m[2m(client)[22m[39m [32mhmr update [39m[2m/@fs/D:\تطبيقات\Ahmed\src\components\InvoiceTab.tsx, /src/index.css[22m
[2m٨:٣٣:٢٤ م[22m [36m[1m[vite][22m[39m [90m[2m(client)[22m[39m [32mhmr update [39m[2m/@fs/D:\تطبيقات\Ahmed\src\components\InvoiceTab.tsx, /src/index.css[22m
[2m٨:٣٤:١٩ م[22m [36m[1m[vite][22m[39m [90m[2m(client)[22m[39m [32mhmr update [39m[2m/@fs/D:\تطبيقات\Ahmed\src\components\InvoiceTab.tsx, /src/index.css[22m
[2m٨:٣٤:٣٢ م[22m [36m[1m[vite][22m[39m [90m[2m(client)[22m[39m [32mhmr update [39m[2m/@fs/D:\تطبيقات\Ahmed\src\components\InvoiceTab.tsx, /src/index.css[22m
[2m٨:٣٤:٤٥ م[22m [36m[1m[vite][22m[39m [90m[2m(client)[22m[39m [32mhmr update [39m[2m/@fs/D:\تطبيقات\Ahmed\src\components\InvoiceTab.tsx, /src/index.css[22m
[2m٨:٣٤:٥٩ م[22m [36m[1m[vite][22m[39m [90m[2m(client)[22m[39m [32mhmr update [39m[2m/@fs/D:\تطبيقات\Ahmed\src\components\InvoiceTab.tsx, /src/index.css[22m
[2m٨:٣٥:١٥ م[22m [36m[1m[vite][22m[39m [90m[2m(client)[22m[39m [32mhmr update [39m[2m/@fs/D:\تطبيقات\Ahmed\src\components\InvoiceTab.tsx, /src/index.css[22m
[2m٨:٤٣:٢٥ م[22m [36m[1m[vite][22m[39m [90m[2m(client)[22m[39m [32mhmr update [39m[2m/@fs/D:\تطبيقات\Ahmed\src\components\InvoiceTab.tsx, /src/index.css[22m
[2m٨:٤٤:٣١ م[22m [36m[1m[vite][22m[39m [90m[2m(client)[22m[39m [32mhmr update [39m[2m/@fs/D:\تطبيقات\Ahmed\src\components\InvoiceTab.tsx, /src/index.css[22m
[2m٨:٥٦:١٩ م[22m [36m[1m[vite][22m[39m [90m[2m(client)[22m[39m [32mhmr update [39m[2m/@fs/D:\تطبيقات\Ahmed\src\components\InvoiceTab.tsx, /src/index.css[22m
[2m٨:٥٦:١٩ م[22m [31m[1m[vite][22m[39m [31mInternal server error: D:\تطبيقات\Ahmed\src\components\InvoiceTab.tsx: Unexpected token, expected "," (2230:10)

[0m [90m 2228 |[31m           )}
 [90m 2229 |[31m
[31m[1m>[22m[31m[90m 2230 |[31m           {[90m/* Active (Pending Delivery) Invoices List */[31m}
 [90m      |[31m           [31m[1m^[22m[31m
 [90m 2231 |[31m           {activeSubTab [33m===[31m [32m'create'[31m [33m&&[31m (() [33m=>[31m {
 [90m 2232 |[31m             [36mconst[31m activeInvs [33m=[31m invoices[33m.[31mfilter(inv [33m=>[31m {
 [90m 2233 |[31m               [36mif[31m (inv[33m.[31misDelivered) [36mreturn[31m [36mfalse[31m[33m;[31m[0m[39m
  Plugin: [35mvite:react-babel[39m
  File: [36mD:/تطبيقات/Ahmed/src/components/InvoiceTab.tsx[39m:2230:10
[33m  2228|            )}
  2229|  
  2230|            {/* Active (Pending Delivery) Invoices List */}
     |            ^
  2231|            {activeSubTab === 'create' && (() => {
  2232|              const activeInvs = invoices.filter(inv => {[39m
      at constructor (D:\تطبيقات\Ahmed\node_modules\@babel\parser\lib\index.js:365:19)
      at TypeScriptParserMixin.raise (D:\تطبيقات\Ahmed\node_modules\@babel\parser\lib\index.js:6616:19)
      at TypeScriptParserMixin.unexpected (D:\تطبيقات\Ahmed\node_modules\@babel\parser\lib\index.js:6636:16)
      at TypeScriptParserMixin.expect (D:\تطبيقات\Ahmed\node_modules\@babel\parser\lib\index.js:6916:12)
      at TypeScriptParserMixin.parseParenAndDistinguishExpression (D:\تطبيقات\Ahmed\node_modules\@babel\parser\lib\index.js:11678:14)
      at TypeScriptParserMixin.parseExprAtom (D:\تطبيقات\Ahmed\node_modules\@babel\parser\lib\index.js:11348:23)
      at TypeScriptParserMixin.parseExprAtom (D:\تطبيقات\Ahmed\node_modules\@babel\parser\lib\index.js:4776:20)
      at TypeScriptParserMixin.parseExprSubscripts (D:\تطبيقات\Ahmed\node_modules\@babel\parser\lib\index.js:11098:23)
      at TypeScriptParserMixin.parseUpdate (D:\تطبيقات\Ahmed\node_modules\@babel\parser\lib\index.js:11083:21)
      at TypeScriptParserMixin.parseMaybeUnary (D:\تطبيقات\Ahmed\node_modules\@babel\parser\lib\index.js:11063:23)
      at TypeScriptParserMixin.parseMaybeUnary (D:\تطبيقات\Ahmed\node_modules\@babel\parser\lib\index.js:9854:18)
      at TypeScriptParserMixin.parseMaybeUnaryOrPrivate (D:\تطبيقات\Ahmed\node_modules\@babel\parser\lib\index.js:10916:61)
      at TypeScriptParserMixin.parseExprOpBaseRightExpr (D:\تطبيقات\Ahmed\node_modules\@babel\parser\lib\index.js:11003:34)
      at TypeScriptParserMixin.parseExprOpRightExpr (D:\تطبيقات\Ahmed\node_modules\@babel\parser\lib\index.js:10998:21)
      at TypeScriptParserMixin.parseExprOp (D:\تطبيقات\Ahmed\node_modules\@babel\parser\lib\index.js:10964:27)
      at TypeScriptParserMixin.parseExprOp (D:\تطبيقات\Ahmed\node_modules\@babel\parser\lib\index.js:9323:18)
      at TypeScriptParserMixin.parseExprOp (D:\تطبيقات\Ahmed\node_modules\@babel\parser\lib\index.js:10970:21)
      at TypeScriptParserMixin.parseExprOp (D:\تطبيقات\Ahmed\node_modules\@babel\parser\lib\index.js:9323:18)
      at TypeScriptParserMixin.parseExprOps (D:\تطبيقات\Ahmed\node_modules\@babel\parser\lib\index.js:10925:17)
      at TypeScriptParserMixin.parseMaybeConditional (D:\تطبيقات\Ahmed\node_modules\@babel\parser\lib\index.js:10898:23)
      at TypeScriptParserMixin.parseMaybeAssign (D:\تطبيقات\Ahmed\node_modules\@babel\parser\lib\index.js:10848:21)
      at TypeScriptParserMixin.parseMaybeAssign (D:\تطبيقات\Ahmed\node_modules\@babel\parser\lib\index.js:9803:20)
      at TypeScriptParserMixin.parseExpressionBase (D:\تطبيقات\Ahmed\node_modules\@babel\parser\lib\index.js:10801:23)
      at D:\تطبيقات\Ahmed\node_modules\@babel\parser\lib\index.js:10797:39
      at TypeScriptParserMixin.allowInAnd (D:\تطبيقات\Ahmed\node_modules\@babel\parser\lib\index.js:12443:12)
      at TypeScriptParserMixin.parseExpression (D:\تطبيقات\Ahmed\node_modules\@babel\parser\lib\index.js:10797:17)
      at TypeScriptParserMixin.jsxParseExpressionContainer (D:\تطبيقات\Ahmed\node_modules\@babel\parser\lib\index.js:4644:31)
      at TypeScriptParserMixin.jsxParseElementAt (D:\تطبيقات\Ahmed\node_modules\@babel\parser\lib\index.js:4723:36)
      at TypeScriptParserMixin.jsxParseElementAt (D:\تطبيقات\Ahmed\node_modules\@babel\parser\lib\index.js:4710:32)
      at TypeScriptParserMixin.jsxParseElement (D:\تطبيقات\Ahmed\node_modules\@babel\parser\lib\index.js:4761:17)
      at TypeScriptParserMixin.parseExprAtom (D:\تطبيقات\Ahmed\node_modules\@babel\parser\lib\index.js:4771:19)
      at TypeScriptParserMixin.parseExprSubscripts (D:\تطبيقات\Ahmed\node_modules\@babel\parser\lib\index.js:11098:23)
      at TypeScriptParserMixin.parseUpdate (D:\تطبيقات\Ahmed\node_modules\@babel\parser\lib\index.js:11083:21)
      at TypeScriptParserMixin.parseMaybeUnary (D:\تطبيقات\Ahmed\node_modules\@babel\parser\lib\index.js:11063:23)
      at TypeScriptParserMixin.parseMaybeUnary (D:\تطبيقات\Ahmed\node_modules\@babel\parser\lib\index.js:9854:18)
      at TypeScriptParserMixin.parseMaybeUnaryOrPrivate (D:\تطبيقات\Ahmed\node_modules\@babel\parser\lib\index.js:10916:61)
      at TypeScriptParserMixin.parseExprOps (D:\تطبيقات\Ahmed\node_modules\@babel\parser\lib\index.js:10921:23)
      at TypeScriptParserMixin.parseMaybeConditional (D:\تطبيقات\Ahmed\node_modules\@babel\parser\lib\index.js:10898:23)
      at TypeScriptParserMixin.parseMaybeAssign (D:\تطبيقات\Ahmed\node_modules\@babel\parser\lib\index.js:10848:21)
      at D:\تطبيقات\Ahmed\node_modules\@babel\parser\lib\index.js:9792:39
      at TypeScriptParserMixin.tryParse (D:\تطبيقات\Ahmed\node_modules\@babel\parser\lib\index.js:6924:20)
      at TypeScriptParserMixin.parseMaybeAssign (D:\تطبيقات\Ahmed\node_modules\@babel\parser\lib\index.js:9792:18)
      at D:\تطبيقات\Ahmed\node_modules\@babel\parser\lib\index.js:10817:39
      at TypeScriptParserMixin.allowInAnd (D:\تطبيقات\Ahmed\node_modules\@babel\parser\lib\index.js:12443:12)
      at TypeScriptParserMixin.parseMaybeAssignAllowIn (D:\تطبيقات\Ahmed\node_modules\@babel\parser\lib\index.js:10817:17)
      at TypeScriptParserMixin.parseMaybeAssignAllowInOrVoidPattern (D:\تطبيقات\Ahmed\node_modules\@babel\parser\lib\index.js:12510:17)
      at TypeScriptParserMixin.parseParenAndDistinguishExpression (D:\تطبيقات\Ahmed\node_modules\@babel\parser\lib\index.js:11692:28)
      at TypeScriptParserMixin.parseExprAtom (D:\تطبيقات\Ahmed\node_modules\@babel\parser\lib\index.js:11348:23)
      at TypeScriptParserMixin.parseExprAtom (D:\تطبيقات\Ahmed\node_modules\@babel\parser\lib\index.js:4776:20)
      at TypeScriptParserMixin.parseExprSubscripts (D:\تطبيقات\Ahmed\node_modules\@babel\parser\lib\index.js:11098:23)
[2m٨:٥٧:٤٠ م[22m [36m[1m[vite][22m[39m [90m[2m(client)[22m[39m [32mhmr update [39m[2m/@fs/D:\تطبيقات\Ahmed\src\components\InvoiceTab.tsx, /src/index.css[22m
[2m٨:٥٧:٥٢ م[22m [36m[1m[vite][22m[39m [90m[2m(client)[22m[39m [32mhmr update [39m[2m/@fs/D:\تطبيقات\Ahmed\src\components\InvoiceTab.tsx, /src/index.css[22m
[2m٨:٥٧:٥٨ م[22m [36m[1m[vite][22m[39m [90m[2m(client)[22m[39m [32mhmr update [39m[2m/@fs/D:\تطبيقات\Ahmed\src\components\InvoiceTab.tsx, /src/index.css[22m
[2m٩:٣٧:٢٢ م[22m [36m[1m[vite][22m[39m [90m[2m(client)[22m[39m [32mhmr update [39m[2m/@fs/D:\تطبيقات\Ahmed\src\components\InvoiceTab.tsx, /src/index.css[22m
[2m٩:٣٧:٣٢ م[22m [36m[1m[vite][22m[39m [90m[2m(client)[22m[39m [32mhmr update [39m[2m/@fs/D:\تطبيقات\Ahmed\src\components\InvoiceTab.tsx, /src/index.css[22m
[2m٩:٣٧:٥٤ م[22m [36m[1m[vite][22m[39m [90m[2m(client)[22m[39m [32mhmr update [39m[2m/@fs/D:\تطبيقات\Ahmed\src\components\InvoiceTab.tsx, /src/index.css[22m
[2m٩:٣٨:١٣ م[22m [36m[1m[vite][22m[39m [90m[2m(client)[22m[39m [32mhmr update [39m[2m/@fs/D:\تطبيقات\Ahmed\src\components\InvoiceTab.tsx, /src/index.css[22m
[2m٩:٣٨:٤١ م[22m [36m[1m[vite][22m[39m [90m[2m(client)[22m[39m [32mhmr update [39m[2m/@fs/D:\تطبيقات\Ahmed\src\components\InvoiceTab.tsx, /src/index.css[22m
[2m٩:٤٠:٤٩ م[22m [36m[1m[vite][22m[39m [90m[2m(client)[22m[39m [32mhmr update [39m[2m/src/App.tsx, /src/index.css[22m
[2m٩:٤١:١٧ م[22m [36m[1m[vite][22m[39m [90m[2m(client)[22m[39m [32mhmr update [39m[2m/src/App.tsx, /src/index.css[22m
[2m٩:٤١:٣٩ م[22m [36m[1m[vite][22m[39m [90m[2m(client)[22m[39m [32mhmr update [39m[2m/src/App.tsx, /src/index.css[22m
[2m٩:٤١:٥٩ م[22m [36m[1m[vite][22m[39m [90m[2m(client)[22m[39m [32mhmr update [39m[2m/src/App.tsx, /src/index.css[22m
[2m٩:٤٢:١٨ م[22m [36m[1m[vite][22m[39m [90m[2m(client)[22m[39m [32mhmr update [39m[2m/src/App.tsx, /src/index.css[22m
[2m٩:٤٢:٢٨ م[22m [36m[1m[vite][22m[39m [90m[2m(client)[22m[39m [32mhmr update [39m[2m/src/App.tsx, /src/index.css[22m
[2m٩:٤٣:١٧ م[22m [36m[1m[vite][22m[39m [90m[2m(client)[22m[39m [32mhmr update [39m[2m/@fs/D:\تطبيقات\Ahmed\src\components\InvoiceTab.tsx, /src/index.css[22m
[2m٩:٤٦:٠١ م[22m [36m[1m[vite][22m[39m [90m[2m(client)[22m[39m [32mhmr update [39m[2m/@fs/D:\تطبيقات\Ahmed\src\components\InvoiceTab.tsx, /src/index.css[22m
[2m٩:٤٦:٢٤ م[22m [36m[1m[vite][22m[39m [90m[2m(client)[22m[39m [32mhmr update [39m[2m/@fs/D:\تطبيقات\Ahmed\src\components\InvoiceTab.tsx, /src/index.css[22m
[2m٩:٤٦:٤٥ م[22m [36m[1m[vite][22m[39m [90m[2m(client)[22m[39m [32mhmr update [39m[2m/@fs/D:\تطبيقات\Ahmed\src\components\InvoiceTab.tsx, /src/index.css[22m
[2m٩:٤٨:٢٧ م[22m [36m[1m[vite][22m[39m [90m[2m(client)[22m[39m [32mhmr update [39m[2m/@fs/D:\تطبيقات\Ahmed\src\components\InvoiceTab.tsx, /src/index.css[22m
[2m٩:٤٨:٤٥ م[22m [36m[1m[vite][22m[39m [90m[2m(client)[22m[39m [32mhmr update [39m[2m/@fs/D:\تطبيقات\Ahmed\src\components\InvoiceTab.tsx, /src/index.css[22m
[2m٩:٤٩:٥٨ م[22m [36m[1m[vite][22m[39m [90m[2m(client)[22m[39m [32mhmr update [39m[2m/@fs/D:\تطبيقات\Ahmed\src\components\InvoiceTab.tsx, /src/index.css[22m
[2m٩:٥٠:٥٣ م[22m [36m[1m[vite][22m[39m [90m[2m(client)[22m[39m [32mhmr update [39m[2m/@fs/D:\تطبيقات\Ahmed\src\components\InvoiceTab.tsx, /src/index.css[22m
[2m٩:٥٤:١٤ م[22m [36m[1m[vite][22m[39m [90m[2m(client)[22m[39m [32mhmr update [39m[2m/@fs/D:\تطبيقات\Ahmed\src\components\InvoiceTab.tsx, /src/index.css[22m
[2m١٠:١٢:٢٤ م[22m [36m[1m[vite][22m[39m [90m[2m(client)[22m[39m [32mhmr update [39m[2m/@fs/D:\تطبيقات\Ahmed\src\components\ReportsTab.tsx, /src/index.css[22m
[2m١٠:١٢:٣٨ م[22m [36m[1m[vite][22m[39m [90m[2m(client)[22m[39m [32mhmr update [39m[2m/@fs/D:\تطبيقات\Ahmed\src\components\ReportsTab.tsx, /src/index.css[22m
[2m١٠:١٢:٥١ م[22m [36m[1m[vite][22m[39m [90m[2m(client)[22m[39m [32mhmr update [39m[2m/@fs/D:\تطبيقات\Ahmed\src\components\ReportsTab.tsx, /src/index.css[22m
[2m١٠:١٥:٣٥ م[22m [36m[1m[vite][22m[39m [90m[2m(client)[22m[39m [32mhmr update [39m[2m/@fs/D:\تطبيقات\Ahmed\src\components\ReportsTab.tsx, /src/index.css[22m
[2m١٠:١٦:٠٤ م[22m [36m[1m[vite][22m[39m [90m[2m(client)[22m[39m [32mhmr update [39m[2m/@fs/D:\تطبيقات\Ahmed\src\components\ReportsTab.tsx, /src/index.css[22m
[2m١٠:١٧:١٠ م[22m [36m[1m[vite][22m[39m [90m[2m(client)[22m[39m [32mhmr update [39m[2m/@fs/D:\تطبيقات\Ahmed\src\components\ReportsTab.tsx, /src/index.css[22m
[2m١٠:١٨:٠٦ م[22m [36m[1m[vite][22m[39m [90m[2m(client)[22m[39m [32mhmr update [39m[2m/@fs/D:\تطبيقات\Ahmed\src\components\ReportsTab.tsx, /src/index.css[22m
[2m١١:٢٦:٥٥ م[22m [36m[1m[vite][22m[39m [90m[2m(client)[22m[39m [32mhmr update [39m[2m/@fs/D:\تطبيقات\Ahmed\src\components\ReportsTab.tsx, /src/index.css[22m
[2m١١:٢٦:٥٦ م[22m [36m[1m[vite][22m[39m [90m[2m(client)[22m[39m [32mhmr update [39m[2m/src/index.css, /src/App.tsx, /@fs/D:\تطبيقات\Ahmed\src\components\PricesTab.tsx, /@fs/D:\تطبيقات\Ahmed\src\components\Dashboard.tsx, /@fs/D:\تطبيقات\Ahmed\src\components\InvoiceTab.tsx, /@fs/D:\تطبيقات\Ahmed\src\components\ManageTab.tsx, /@fs/D:\تطبيقات\Ahmed\src\components\ReportsTab.tsx, /@fs/D:\تطبيقات\Ahmed\src\components\FactoryTab.tsx, /@fs/D:\تطبيقات\Ahmed\src\components\SoftDeletedArchive.tsx, /@fs/D:\تطبيقات\Ahmed\src\components\archive\LoadsArchiveSection.tsx, /@fs/D:\تطبيقات\Ahmed\src\components\archive\CyclesArchiveSection.tsx, /@fs/D:\تطبيقات\Ahmed\src\components\archive\TripsArchiveSection.tsx, /@fs/D:\تطبيقات\Ahmed\src\components\archive\PaymentsArchiveSection.tsx[22m
[2m١١:٢٧:٠٩ م[22m [36m[1m[vite][22m[39m [90m[2m(client)[22m[39m [32mhmr update [39m[2m/@fs/D:\تطبيقات\Ahmed\src\components\ReportsTab.tsx, /src/index.css[22m
[2m١١:٢٧:٤٣ م[22m [36m[1m[vite][22m[39m [90m[2m(client)[22m[39m [32mhmr update [39m[2m/@fs/D:\تطبيقات\Ahmed\src\components\ReportsTab.tsx, /src/index.css[22m
[2m١١:٢٨:٠١ م[22m [36m[1m[vite][22m[39m [90m[2m(client)[22m[39m [32mhmr update [39m[2m/@fs/D:\تطبيقات\Ahmed\src\components\ReportsTab.tsx, /src/index.css[22m
[2m١١:٢٨:١٥ م[22m [36m[1m[vite][22m[39m [90m[2m(client)[22m[39m [32mhmr update [39m[2m/@fs/D:\تطبيقات\Ahmed\src\components\ReportsTab.tsx, /src/index.css[22m
[2m١١:٢٨:٣٨ م[22m [36m[1m[vite][22m[39m [90m[2m(client)[22m[39m [32mhmr update [39m[2m/@fs/D:\تطبيقات\Ahmed\src\components\ReportsTab.tsx, /src/index.css[22m
[2m١١:٢٩:٠٣ م[22m [36m[1m[vite][22m[39m [90m[2m(client)[22m[39m [32mhmr update [39m[2m/@fs/D:\تطبيقات\Ahmed\src\components\ReportsTab.tsx, /src/index.css[22m
[2m١١:٥٠:٣٤ م[22m [36m[1m[vite][22m[39m [90m[2m(client)[22m[39m [32mhmr update [39m[2m/@fs/D:\تطبيقات\Ahmed\src\components\ReportsTab.tsx, /src/index.css[22m
[2m١١:٥١:٤٢ م[22m [36m[1m[vite][22m[39m [90m[2m(client)[22m[39m [32mhmr update [39m[2m/@fs/D:\تطبيقات\Ahmed\src\components\ReportsTab.tsx, /src/index.css[22m
[2m١١:٥٤:١٧ م[22m [36m[1m[vite][22m[39m [90m[2m(client)[22m[39m [32mhmr update [39m[2m/@fs/D:\تطبيقات\Ahmed\src\components\ReportsTab.tsx, /src/index.css[22m
[2m١٢:٠٣:٤٣ ص[22m [36m[1m[vite][22m[39m [90m[2m(client)[22m[39m [32mhmr update [39m[2m/@fs/D:\تطبيقات\Ahmed\src\components\ReportsTab.tsx, /src/index.css[22m
[2m١٢:٠٥:٠٩ ص[22m [36m[1m[vite][22m[39m [90m[2m(client)[22m[39m [32mhmr update [39m[2m/@fs/D:\تطبيقات\Ahmed\src\components\ReportsTab.tsx, /src/index.css[22m
[2m١٢:٠٨:٤٣ ص[22m [36m[1m[vite][22m[39m [90m[2m(client)[22m[39m [32mhmr update [39m[2m/@fs/D:\تطبيقات\Ahmed\src\components\ReportsTab.tsx, /src/index.css[22m
[2m١٢:١٠:٠٠ ص[22m [36m[1m[vite][22m[39m [90m[2m(client)[22m[39m [32mhmr update [39m[2m/@fs/D:\تطبيقات\Ahmed\src\components\ReportsTab.tsx, /src/index.css[22m
[2m١٢:١١:٠٣ ص[22m [36m[1m[vite][22m[39m [90m[2m(client)[22m[39m [32mhmr update [39m[2m/@fs/D:\تطبيقات\Ahmed\src\components\ReportsTab.tsx, /src/index.css[22m
[2m١٢:١٣:١٥ ص[22m [36m[1m[vite][22m[39m [90m[2m(client)[22m[39m [32mhmr update [39m[2m/@fs/D:\تطبيقات\Ahmed\src\components\ReportsTab.tsx, /src/index.css[22m
[2m١٢:٤٩:١٠ ص[22m [36m[1m[vite][22m[39m [90m[2m(client)[22m[39m [32mhmr update [39m[2m/@fs/D:\تطبيقات\Ahmed\src\components\ReportsTab.tsx, /src/index.css[22m
[2m١٢:٤٩:٥٥ ص[22m [36m[1m[vite][22m[39m [90m[2m(client)[22m[39m [32mhmr update [39m[2m/@fs/D:\تطبيقات\Ahmed\src\components\ReportsTab.tsx, /src/index.css[22m
[2m١٢:٥١:٢٥ ص[22m [36m[1m[vite][22m[39m [90m[2m(client)[22m[39m [32mhmr update [39m[2m/@fs/D:\تطبيقات\Ahmed\src\components\ReportsTab.tsx, /src/index.css[22m
[2m١٢:٥١:٢٥ ص[22m [31m[1m[vite][22m[39m [31mInternal server error: D:\تطبيقات\Ahmed\src\components\ReportsTab.tsx: Unexpected token (3119:43)

[0m [90m 3117 |[31m                                   )[33m;[31m
 [90m 3118 |[31m                                 }) [33m:[31m [33m<[31m[33mp[31m className[33m=[31m[32m"text-slate-400 text-center text-xs py-4 font-bold"[31m[33m>[31mلا توجد دورات مؤرشفة[33m<[31m[33m/[31m[33mp[31m[33m>[31m[33m;[31m
[31m[1m>[22m[31m[90m 3119 |[31m                                           [33m<[31m[33m/[31m[33mdiv[31m[33m>[31m
 [90m      |[31m                                            [31m[1m^[22m[31m
 [90m 3120 |[31m                                         [33m<[31m[33m/[31m[33mdiv[31m[33m>[31m
 [90m 3121 |[31m                                       )[33m;[31m
 [90m 3122 |[31m                                     })}[0m[39m
  Plugin: [35mvite:react-babel[39m
  File: [36mD:/تطبيقات/Ahmed/src/components/ReportsTab.tsx[39m:3119:43
[33m  3161|                                const latestCycle = sortedCycles[0];
  3162|                                if (!latestCycle) return <p className="text-slate-400 text-center text-xs py-4 font-bold">لا توجد دورات مؤرشفة</p>;
  3163|                                return (
     |                        ^
  3164|                                  <div className="flex flex-col gap-2">
  3165|                                    <div className="bg-violet-50/30 border border-violet-100 rounded-2xl p-3 text-xs font-bold text-slate-700 flex flex-col gap-2">[39m
      at constructor (D:\تطبيقات\Ahmed\node_modules\@babel\parser\lib\index.js:365:19)
      at TypeScriptParserMixin.raise (D:\تطبيقات\Ahmed\node_modules\@babel\parser\lib\index.js:6616:19)
      at TypeScriptParserMixin.unexpected (D:\تطبيقات\Ahmed\node_modules\@babel\parser\lib\index.js:6636:16)
      at TypeScriptParserMixin.jsxParseIdentifier (D:\تطبيقات\Ahmed\node_modules\@babel\parser\lib\index.js:4581:12)
      at TypeScriptParserMixin.jsxParseNamespacedName (D:\تطبيقات\Ahmed\node_modules\@babel\parser\lib\index.js:4588:23)
      at TypeScriptParserMixin.jsxParseElementName (D:\تطبيقات\Ahmed\node_modules\@babel\parser\lib\index.js:4597:21)
      at TypeScriptParserMixin.jsxParseOpeningElementAt (D:\تطبيقات\Ahmed\node_modules\@babel\parser\lib\index.js:4673:22)
      at TypeScriptParserMixin.jsxParseElementAt (D:\تطبيقات\Ahmed\node_modules\@babel\parser\lib\index.js:4698:33)
      at TypeScriptParserMixin.jsxParseElement (D:\تطبيقات\Ahmed\node_modules\@babel\parser\lib\index.js:4761:17)
      at TypeScriptParserMixin.parseExprAtom (D:\تطبيقات\Ahmed\node_modules\@babel\parser\lib\index.js:4771:19)
      at TypeScriptParserMixin.parseExprSubscripts (D:\تطبيقات\Ahmed\node_modules\@babel\parser\lib\index.js:11098:23)
      at TypeScriptParserMixin.parseUpdate (D:\تطبيقات\Ahmed\node_modules\@babel\parser\lib\index.js:11083:21)
      at TypeScriptParserMixin.parseMaybeUnary (D:\تطبيقات\Ahmed\node_modules\@babel\parser\lib\index.js:11063:23)
      at TypeScriptParserMixin.parseMaybeUnary (D:\تطبيقات\Ahmed\node_modules\@babel\parser\lib\index.js:9854:18)
      at TypeScriptParserMixin.parseMaybeUnaryOrPrivate (D:\تطبيقات\Ahmed\node_modules\@babel\parser\lib\index.js:10916:61)
      at TypeScriptParserMixin.parseExprOps (D:\تطبيقات\Ahmed\node_modules\@babel\parser\lib\index.js:10921:23)
      at TypeScriptParserMixin.parseMaybeConditional (D:\تطبيقات\Ahmed\node_modules\@babel\parser\lib\index.js:10898:23)
      at TypeScriptParserMixin.parseMaybeAssign (D:\تطبيقات\Ahmed\node_modules\@babel\parser\lib\index.js:10848:21)
      at D:\تطبيقات\Ahmed\node_modules\@babel\parser\lib\index.js:9792:39
      at TypeScriptParserMixin.tryParse (D:\تطبيقات\Ahmed\node_modules\@babel\parser\lib\index.js:6924:20)
      at TypeScriptParserMixin.parseMaybeAssign (D:\تطبيقات\Ahmed\node_modules\@babel\parser\lib\index.js:9792:18)
      at TypeScriptParserMixin.parseExpressionBase (D:\تطبيقات\Ahmed\node_modules\@babel\parser\lib\index.js:10801:23)
      at D:\تطبيقات\Ahmed\node_modules\@babel\parser\lib\index.js:10797:39
      at TypeScriptParserMixin.allowInAnd (D:\تطبيقات\Ahmed\node_modules\@babel\parser\lib\index.js:12438:16)
      at TypeScriptParserMixin.parseExpression (D:\تطبيقات\Ahmed\node_modules\@babel\parser\lib\index.js:10797:17)
      at TypeScriptParserMixin.parseStatementContent (D:\تطبيقات\Ahmed\node_modules\@babel\parser\lib\index.js:12912:23)
      at TypeScriptParserMixin.parseStatementContent (D:\تطبيقات\Ahmed\node_modules\@babel\parser\lib\index.js:9525:18)
      at TypeScriptParserMixin.parseStatementLike (D:\تطبيقات\Ahmed\node_modules\@babel\parser\lib\index.js:12784:17)
      at TypeScriptParserMixin.parseStatementListItem (D:\تطبيقات\Ahmed\node_modules\@babel\parser\lib\index.js:12764:17)
      at TypeScriptParserMixin.parseBlockOrModuleBlockBody (D:\تطبيقات\Ahmed\node_modules\@babel\parser\lib\index.js:13333:61)
      at TypeScriptParserMixin.parseBlockBody (D:\تطبيقات\Ahmed\node_modules\@babel\parser\lib\index.js:13326:10)
      at TypeScriptParserMixin.parseBlock (D:\تطبيقات\Ahmed\node_modules\@babel\parser\lib\index.js:13314:10)
      at TypeScriptParserMixin.parseFunctionBody (D:\تطبيقات\Ahmed\node_modules\@babel\parser\lib\index.js:12117:24)
      at TypeScriptParserMixin.parseArrowExpression (D:\تطبيقات\Ahmed\node_modules\@babel\parser\lib\index.js:12092:10)
      at TypeScriptParserMixin.parseParenAndDistinguishExpression (D:\تطبيقات\Ahmed\node_modules\@babel\parser\lib\index.js:11704:12)
      at TypeScriptParserMixin.parseExprAtom (D:\تطبيقات\Ahmed\node_modules\@babel\parser\lib\index.js:11348:23)
      at TypeScriptParserMixin.parseExprAtom (D:\تطبيقات\Ahmed\node_modules\@babel\parser\lib\index.js:4776:20)
      at TypeScriptParserMixin.parseExprSubscripts (D:\تطبيقات\Ahmed\node_modules\@babel\parser\lib\index.js:11098:23)
      at TypeScriptParserMixin.parseUpdate (D:\تطبيقات\Ahmed\node_modules\@babel\parser\lib\index.js:11083:21)
      at TypeScriptParserMixin.parseMaybeUnary (D:\تطبيقات\Ahmed\node_modules\@babel\parser\lib\index.js:11063:23)
      at TypeScriptParserMixin.parseMaybeUnary (D:\تطبيقات\Ahmed\node_modules\@babel\parser\lib\index.js:9854:18)
      at TypeScriptParserMixin.parseMaybeUnaryOrPrivate (D:\تطبيقات\Ahmed\node_modules\@babel\parser\lib\index.js:10916:61)
      at TypeScriptParserMixin.parseExprOps (D:\تطبيقات\Ahmed\node_modules\@babel\parser\lib\index.js:10921:23)
      at TypeScriptParserMixin.parseMaybeConditional (D:\تطبيقات\Ahmed\node_modules\@babel\parser\lib\index.js:10898:23)
      at TypeScriptParserMixin.parseMaybeAssign (D:\تطبيقات\Ahmed\node_modules\@babel\parser\lib\index.js:10848:21)
      at TypeScriptParserMixin.parseMaybeAssign (D:\تطبيقات\Ahmed\node_modules\@babel\parser\lib\index.js:9803:20)
      at D:\تطبيقات\Ahmed\node_modules\@babel\parser\lib\index.js:10817:39
      at TypeScriptParserMixin.allowInAnd (D:\تطبيقات\Ahmed\node_modules\@babel\parser\lib\index.js:12443:12)
      at TypeScriptParserMixin.parseMaybeAssignAllowIn (D:\تطبيقات\Ahmed\node_modules\@babel\parser\lib\index.js:10817:17)
      at TypeScriptParserMixin.parseMaybeAssignAllowInOrVoidPattern (D:\تطبيقات\Ahmed\node_modules\@babel\parser\lib\index.js:12510:17)
[2m١٢:٥٣:٣٨ ص[22m [36m[1m[vite][22m[39m [90m[2m(client)[22m[39m [32mhmr update [39m[2m/@fs/D:\تطبيقات\Ahmed\src\components\ReportsTab.tsx, /src/index.css[22m
[2m١٢:٥٧:٠٧ ص[22m [36m[1m[vite][22m[39m [90m[2m(client)[22m[39m [32mhmr update [39m[2m/@fs/D:\تطبيقات\Ahmed\src\components\ReportsTab.tsx, /src/index.css[22m
[2m١:٠٠:٥٠ ص[22m [36m[1m[vite][22m[39m [90m[2m(client)[22m[39m [32mhmr update [39m[2m/@fs/D:\تطبيقات\Ahmed\src\components\ReportsTab.tsx, /src/index.css[22m
[2m١:٣١:٠٦ ص[22m [36m[1m[vite][22m[39m [90m[2m(client)[22m[39m [32mhmr update [39m[2m/@fs/D:\تطبيقات\Ahmed\src\components\ReportsTab.tsx, /src/index.css[22m
[2m١:٣٢:٤٣ ص[22m [36m[1m[vite][22m[39m [90m[2m(client)[22m[39m [32mhmr update [39m[2m/@fs/D:\تطبيقات\Ahmed\src\components\ReportsTab.tsx, /src/index.css[22m
[2m١:٣٣:٢١ ص[22m [36m[1m[vite][22m[39m [90m[2m(client)[22m[39m [32mhmr update [39m[2m/@fs/D:\تطبيقات\Ahmed\src\components\ReportsTab.tsx, /src/index.css[22m
[2m١:٤٣:١٣ ص[22m [36m[1m[vite][22m[39m [90m[2m(client)[22m[39m [32mhmr update [39m[2m/@fs/D:\تطبيقات\Ahmed\src\components\ReportsTab.tsx, /src/index.css[22m
[2m١:٤٦:٤١ ص[22m [36m[1m[vite][22m[39m [90m[2m(client)[22m[39m [32mhmr update [39m[2m/@fs/D:\تطبيقات\Ahmed\src\components\ReportsTab.tsx, /src/index.css[22m
[2m١:٤٧:١٦ ص[22m [36m[1m[vite][22m[39m [90m[2m(client)[22m[39m [32mhmr update [39m[2m/@fs/D:\تطبيقات\Ahmed\src\components\ReportsTab.tsx, /src/index.css[22m
[2m١:٤٨:٠٨ ص[22m [36m[1m[vite][22m[39m [90m[2m(client)[22m[39m [32mhmr update [39m[2m/@fs/D:\تطبيقات\Ahmed\src\components\ReportsTab.tsx, /src/index.css[22m
[2m١:٤٨:٢٩ ص[22m [36m[1m[vite][22m[39m [90m[2m(client)[22m[39m [32mhmr update [39m[2m/@fs/D:\تطبيقات\Ahmed\src\components\ReportsTab.tsx, /src/index.css[22m
[2m١:٥٣:١٢ ص[22m [36m[1m[vite][22m[39m [90m[2m(client)[22m[39m [32mhmr update [39m[2m/src/App.tsx, /src/index.css[22m
[2m١:٥٣:٤٢ ص[22m [36m[1m[vite][22m[39m [90m[2m(client)[22m[39m [32mhmr update [39m[2m/src/App.tsx, /src/index.css[22m
[2m١:٥٤:٠٠ ص[22m [36m[1m[vite][22m[39m [90m[2m(client)[22m[39m [32mhmr update [39m[2m/@fs/D:\تطبيقات\Ahmed\src\components\ReportsTab.tsx, /src/index.css[22m
[2m١:٥٤:١٦ ص[22m [36m[1m[vite][22m[39m [90m[2m(client)[22m[39m [32mhmr update [39m[2m/@fs/D:\تطبيقات\Ahmed\src\components\ReportsTab.tsx, /src/index.css[22m
[2m١:٥٤:٢٥ ص[22m [36m[1m[vite][22m[39m [90m[2m(client)[22m[39m [32mhmr update [39m[2m/@fs/D:\تطبيقات\Ahmed\src\components\ReportsTab.tsx, /src/index.css[22m
[2m٢:٥٣:٢٩ ص[22m [36m[1m[vite][22m[39m [90m[2m(client)[22m[39m [32mhmr update [39m[2m/src/App.tsx, /src/index.css[22m
[2m٢:٥٣:٥٧ ص[22m [36m[1m[vite][22m[39m [90m[2m(client)[22m[39m [32mhmr update [39m[2m/src/App.tsx, /src/index.css[22m
[2m٢:٥٥:٠٠ ص[22m [36m[1m[vite][22m[39m [90m[2m(client)[22m[39m [32mhmr update [39m[2m/@fs/D:\تطبيقات\Ahmed\src\components\ReportsTab.tsx, /src/index.css[22m
[2m٣:٠٦:٥٦ ص[22m [36m[1m[vite][22m[39m [90m[2m(client)[22m[39m [32mhmr update [39m[2m/@fs/D:\تطبيقات\Ahmed\src\components\ReportsTab.tsx, /src/index.css[22m
[2m٣:٠٧:٢٥ ص[22m [36m[1m[vite][22m[39m [90m[2m(client)[22m[39m [32mhmr update [39m[2m/@fs/D:\تطبيقات\Ahmed\src\components\ReportsTab.tsx, /src/index.css[22m
[2m٣:٠٧:٤٠ ص[22m [36m[1m[vite][22m[39m [90m[2m(client)[22m[39m [32mhmr update [39m[2m/@fs/D:\تطبيقات\Ahmed\src\components\ReportsTab.tsx, /src/index.css[22m
[2m٣:٠٨:٠٧ ص[22m [36m[1m[vite][22m[39m [90m[2m(client)[22m[39m [32mhmr update [39m[2m/@fs/D:\تطبيقات\Ahmed\src\components\ReportsTab.tsx, /src/index.css[22m
[2m٣:١٢:٢٩ ص[22m [36m[1m[vite][22m[39m [90m[2m(client)[22m[39m [32mhmr update [39m[2m/@fs/D:\تطبيقات\Ahmed\src\components\ReportsTab.tsx, /src/index.css[22m
[2m٣:١٣:١٧ ص[22m [36m[1m[vite][22m[39m [90m[2m(client)[22m[39m [32mhmr update [39m[2m/@fs/D:\تطبيقات\Ahmed\src\components\ReportsTab.tsx, /src/index.css[22m
